$GPRMC,192452,A,4714.3298,N,00131.5503,W,0.0,281.0,170614,2.5,W,A*1D
$GPRMB,A,,,,,,,,,,,,V,A*1C
$GPGGA,192452,4714.3298,N,00131.5503,W,1,12,3.1,19.4,M,48.5,M,,*6B
$GPGSA,A,3,03,07,08,11,15,16,18,19,21,22,27,30,4.0,3.1,2.6*3B
$GPGSV,3,3,12,21,24,060,00,22,49,124,00,27,82,355,00,30,10,324,00*78
$GPGLL,4714.3298,N,00131.5503,W,192452,A,A*5A
$GPBOD,,T,,M,,*47
$GPVTG,281.0,T,283.5,M,0.0,N,0.0,K*49
$PGRME,18.5,M,21.1,M,28.1,M*1B
$PGRMZ,64,f,3*29
$PGRMM,WGS 84*06
$GPRTE,1,1,c,*37
$GPRMC,192454,A,4714.3298,N,00131.5503,W,0.0,281.0,170614,2.5,W,A*1B
$GPRMB,A,,,,,,,,,,,,V,A*1C
$GPGGA,192454,4714.3298,N,00131.5503,W,1,12,3.1,19.4,M,48.5,M,,*6D
$GPGSA,A,3,03,07,08,11,15,16,18,19,21,22,27,30,4.0,3.1,2.6*3B
$GPGSV,3,1,12,03,62,301,00,07,18,297,00,08,15,320,00,11,14,256,00*76
$GPGLL,4714.3298,N,00131.5503,W,192454,A,A*5C
$GPBOD,,T,,M,,*47
$GPVTG,281.0,T,283.5,M,0.0,N,0.0,K*49
$PGRME,18.5,M,21.1,M,28.1,M*1B
$PGRMZ,64,f,3*29
$PGRMM,WGS 84*06
$GPRTE,1,1,c,*37
$GPRMC,192456,A,4714.3298,N,00131.5503,W,0.0,281.0,170614,2.5,W,A*19
$GPRMB,A,,,,,,,,,,,,V,A*1C
$GPGGA,192456,4714.3298,N,00131.5503,W,1,12,3.1,19.4,M,48.5,M,,*6F
$GPGSA,A,3,03,07,08,11,15,16,18,19,21,22,27,30,4.0,3.1,2.6*3B
$GPGSV,3,2,12,15,04,037,00,16,54,183,00,18,39,068,00,19,52,296,00*7C
$GPGLL,4714.3298,N,00131.5503,W,192456,A,A*5E
$GPBOD,,T,,M,,*47
$GPVTG,281.0,T,283.5,M,0.0,N,0.0,K*49
$PGRME,18.6,M,21.1,M,28.1,M*18
$PGRMZ,64,f,3*29
$PGRMM,WGS 84*06
$GPRTE,1,1,c,*37
$GPRMC,192458,A,4714.3298,N,00131.5503,W,0.0,281.0,170614,2.5,W,A*17
$GPRMB,A,,,,,,,,,,,,V,A*1C
$GPGGA,192458,4714.3298,N,00131.5503,W,1,12,3.1,19.4,M,48.5,M,,*61
$GPGSA,A,3,03,07,08,11,15,16,18,19,21,22,27,30,4.0,3.1,2.6*3B
$GPGSV,3,3,12,21,24,060,00,22,49,124,00,27,82,358,00,30,10,324,00*75
$GPGLL,4714.3298,N,00131.5503,W,192458,A,A*50
$GPBOD,,T,,M,,*47
$GPVTG,281.0,T,283.5,M,0.0,N,0.0,K*49
$PGRME,18.6,M,21.1,M,28.1,M*18
$PGRMZ,64,f,3*29
$PGRMM,WGS 84*06
$GPRTE,1,1,c,*37
$GPRMC,192500,A,4714.3298,N,00131.5503,W,0.0,281.0,170614,2.5,W,A*1B
$GPRMB,A,,,,,,,,,,,,V,A*1C
$GPGGA,192500,4714.3298,N,00131.5503,W,1,12,6.0,19.4,M,48.5,M,,*69
$GPGSA,A,3,03,07,08,11,15,16,18,19,21,22,27,30,6.9,6.0,3.4*37
$GPGSV,3,1,12,03,62,301,00,07,18,297,00,08,15,320,00,11,14,256,00*76
$GPGLL,4714.3298,N,00131.5503,W,192500,A,A*5C
$GPBOD,,T,,M,,*47
$GPVTG,281.0,T,283.5,M,0.0,N,0.0,K*49
$PGRME,18.6,M,21.1,M,28.1,M*18
$PGRMZ,64,f,3*29
$PGRMM,WGS 84*06
$GPRTE,1,1,c,*37
$GPRMC,192500,V,,,,,,,,,,N*5C
$GPRMB,V,,,,,,,,,,,,,N*52
$GPRMC,192502,A,4714.3298,N,00131.5503,W,0.0,281.0,170614,2.5,W,A*19
$GPRMB,A,,,,,,,,,,,,V,A*1C
$GPGGA,192502,4714.3298,N,00131.5503,W,1,12,6.0,19.4,M,48.5,M,,*6B
$GPGSA,A,3,03,07,08,11,15,16,18,19,21,22,27,30,6.9,6.0,3.4*37
$GPGSV,3,2,12,15,04,037,00,16,54,183,00,18,39,068,00,19,52,296,00*7C
$GPGLL,4714.3298,N,00131.5503,W,192502,A,A*5E
$GPBOD,,T,,M,,*47
$GPVTG,281.0,T,283.5,M,0.0,N,0.0,K*49
$PGRME,18.6,M,21.1,M,28.2,M*1B
$PGRMZ,64,f,3*29
$PGRMM,WGS 84*06
$GPRTE,1,1,c,*37
