
==> Box WiFi V2.1  Start logging
 0.448 $PNKEV,Box WiFi nke 3,V2.1,Aug 23 2017,17:04:14,00.1E.C0.39.41.44,V1.0*04
 0.715 $IIHDG,274,,,,*56
 0.717 $IIHDM,274,M*3D
 1.442 $IIXDR,U,12.445,V,BatWiFi*13
 2.858 $IIVHW,,T,225,M,,N,,K*60
 2.860 $IIHDG,225,,,,*52
 2.861 $IIHDM,225,M*39
 3.353 $IIVHW,,T,221,M,,N,,K*64
 3.355 $IIHDG,221,,,,*56
 3.356 $IIHDM,221,M*3D
 3.814 $IIVHW,,T,219,M,,N,,K*6F
 3.816 $IIHDG,219,,,,*5D
 3.817 $IIHDM,219,M*36
 3.984 $PNKEP,04,0,0,0,0*68
 4.309 $IIVHW,,T,217,M,,N,,K*61
 4.322 $IIHDG,217,,,,*53
 4.323 $IIHDM,217,M*38
 4.770 $IIVHW,,T,216,M,,N,,K*60
 4.772 $IIHDG,216,,,,*52
 4.773 $IIHDM,216,M*39
 5.763 $IIVHW,,T,215,M,,N,,K*63
 5.765 $IIHDG,215,,,,*51
 5.766 $IIHDM,215,M*3A
 8.041 $IIVHW,,T,215,M,,N,,K*63
 8.043 $IIHDG,215,,,,*51
 8.044 $IIHDM,215,M*3A
10.541 $IIVHW,,T,215,M,,N,,K*63
10.543 $IIHDG,215,,,,*51
10.544 $IIHDM,215,M*3A
11.336 $PNKEP,04,0,0,0,0*68
13.041 $IIHDG,215,,,,*51
13.042 $IIHDM,215,M*3A
15.542 $IIVHW,,T,215,M,,N,,K*63
15.544 $IIHDG,215,,,,*51
15.556 $IIHDM,215,M*3A
18.043 $IIVHW,,T,215,M,,N,,K*63
18.044 $IIHDG,215,,,,*51
18.046 $IIHDM,215,M*3A
18.589 $PNKEP,04,0,0,0,0*68
20.542 $IIVHW,,T,215,M,,N,,K*63
20.543 $IIHDG,215,,,,*51
20.545 $IIHDM,215,M*3A
23.042 $IIVHW,,T,215,M,,N,,K*63
23.044 $IIHDG,215,,,,*51
23.045 $IIHDM,215,M*3A
25.542 $IIVHW,,T,215,M,,N,,K*63
25.544 $IIHDG,215,,,,*51
25.545 $IIHDM,215,M*3A
26.087 $PNKEP,04,0,0,0,0*68
28.042 $IIVHW,,T,215,M,,N,,K*63
28.044 $IIHDG,215,,,,*51
28.045 $IIHDM,215,M*3A
30.542 $IIVHW,,T,215,M,,N,,K*63
30.554 $IIHDG,215,,,,*51
30.556 $IIHDM,215,M*3A
31.452 $IIXDR,U,12.453,V,BatWiFi*14
33.042 $IIVHW,,T,215,M,,N,,K*63
33.044 $IIHDG,215,,,,*51
33.045 $IIHDM,215,M*3A
33.338 $PNKEP,04,0,0,0,0*68
35.541 $IIHDG,215,,,,*51
35.542 $IIHDM,215,M*3A
38.041 $IIHDM,215,M*3A
40.541 $IIVHW,,T,215,M,,N,,K*63
40.543 $IIHDG,215,,,,*51
40.545 $IIHDM,215,M*3A
40.589 $PNKEP,04,0,0,0,0*68
43.042 $IIVHW,,T,215,M,,N,,K*63
43.044 $IIHDG,215,,,,*51
43.045 $IIHDM,215,M*3A
45.542 $IIVHW,,T,215,M,,N,,K*63
45.555 $IIHDG,215,,,,*51
45.556 $IIHDM,215,M*3A
48.041 $IIHDM,215,M*3A
48.085 $PNKEP,04,0,0,0,0*68
50.542 $IIVHW,,T,215,M,,N,,K*63
50.544 $IIHDG,215,,,,*51
50.545 $IIHDM,215,M*3A
53.043 $IIVHW,,T,215,M,,N,,K*63
53.044 $IIHDG,215,,,,*51
53.046 $IIHDM,215,M*3A
55.337 $PNKEP,04,0,0,0,0*68
55.542 $IIVHW,,T,215,M,,N,,K*63
55.544 $IIHDG,215,,,,*51
55.545 $IIHDM,215,M*3A
58.042 $IIVHW,,T,215,M,,N,,K*63
58.044 $IIHDG,215,,,,*51
58.045 $IIHDM,215,M*3A
60.452 $PNKEV,Box WiFi nke 3,V2.1,Aug 23 2017,17:04:14,00.1E.C0.39.41.44,V1.0*04
60.541 $IIHDG,215,,,,*51
60.542 $IIHDM,215,M*3A
61.452 $IIXDR,U,12.450,V,BatWiFi*17
62.589 $PNKEP,04,0,0,0,0*68
63.041 $IIHDG,215,,,,*51
63.042 $IIHDM,215,M*3A
65.542 $IIVHW,,T,215,M,,N,,K*63
65.543 $IIHDG,215,,,,*51
65.545 $IIHDM,215,M*3A
68.042 $IIVHW,,T,215,M,,N,,K*63
68.044 $IIHDG,215,,,,*51
68.045 $IIHDM,215,M*3A
70.087 $PNKEP,04,0,0,0,0*68
70.541 $IIVHW,,T,215,M,,N,,K*63
70.543 $IIHDG,215,,,,*51
70.544 $IIHDM,215,M*3A
73.042 $IIVHW,,T,215,M,,N,,K*63
73.055 $IIHDG,215,,,,*51
73.056 $IIHDM,215,M*3A
75.541 $IIVHW,,T,215,M,,N,,K*63
75.543 $IIHDG,215,,,,*51
75.544 $IIHDM,215,M*3A
77.337 $PNKEP,04,0,0,0,0*68
78.041 $IIVHW,,T,215,M,,N,,K*63
78.043 $IIHDG,215,,,,*51
78.044 $IIHDM,215,M*3A
80.541 $IIHDG,215,,,,*51
80.542 $IIHDM,215,M*3A
83.043 $IIVHW,,T,215,M,,N,,K*63
83.044 $IIHDG,215,,,,*51
83.046 $IIHDM,215,M*3A
84.590 $PNKEP,04,0,0,0,0*68
85.542 $IIVHW,,T,215,M,,N,,K*63
85.543 $IIHDG,215,,,,*51
85.545 $IIHDM,215,M*3A
88.042 $IIVHW,,T,215,M,,N,,K*63
88.055 $IIHDG,215,,,,*51
88.057 $IIHDM,215,M*3A
90.542 $IIVHW,,T,215,M,,N,,K*63
90.544 $IIHDG,215,,,,*51
90.545 $IIHDM,215,M*3A
91.451 $IIXDR,U,12.455,V,BatWiFi*12
92.086 $PNKEP,04,0,0,0,0*68
93.043 $IIVHW,,T,215,M,,N,,K*63
93.044 $IIHDG,215,,,,*51
93.046 $IIHDM,215,M*3A
95.542 $IIVHW,,T,215,M,,N,,K*63
95.543 $IIHDG,215,,,,*51
95.545 $IIHDM,215,M*3A
98.041 $IIVHW,,T,215,M,,N,,K*63
98.043 $IIHDG,215,,,,*51
98.044 $IIHDM,215,M*3A
99.337 $PNKEP,04,0,0,0,0*68
100.541 $IIVHW,,T,215,M,,N,,K*63
100.554 $IIHDG,215,,,,*51
100.555 $IIHDM,215,M*3A
103.042 $IIVHW,,T,215,M,,N,,K*63
103.044 $IIHDG,215,,,,*51
103.045 $IIHDM,215,M*3A
105.542 $IIVHW,,T,215,M,,N,,K*63
105.543 $IIHDG,215,,,,*51
105.545 $IIHDM,215,M*3A
106.588 $PNKEP,04,0,0,0,0*68
108.042 $IIVHW,,T,215,M,,N,,K*63
108.044 $IIHDG,215,,,,*51
108.045 $IIHDM,215,M*3A
110.541 $IIVHW,,T,215,M,,N,,K*63
110.543 $IIHDG,215,,,,*51
110.544 $IIHDM,215,M*3A
113.042 $IIVHW,,T,215,M,,N,,K*63
113.043 $IIHDG,215,,,,*51
113.055 $IIHDM,215,M*3A
114.087 $PNKEP,04,0,0,0,0*68
115.542 $IIVHW,,T,215,M,,N,,K*63
115.544 $IIHDG,215,,,,*51
115.545 $IIHDM,215,M*3A
118.042 $IIVHW,,T,215,M,,N,,K*63
118.044 $IIHDG,215,,,,*51
118.045 $IIHDM,215,M*3A
120.541 $IIHDG,215,,,,*51
120.542 $IIHDM,215,M*3A
121.339 $PNKEP,04,0,0,0,0*68
121.452 $IIXDR,U,12.453,V,BatWiFi*14
123.042 $IIVHW,,T,215,M,,N,,K*63
123.044 $IIHDG,215,,,,*51
123.045 $IIHDM,215,M*3A
125.541 $IIVHW,,T,215,M,,N,,K*63
125.543 $IIHDG,215,,,,*51
125.545 $IIHDM,215,M*3A
128.041 $IIHDG,215,,,,*51
