
==> Box WiFi V2.1  Start logging
 0.424 $PNKEV,Box WiFi nke 3,V2.1,Aug 23 2017,17:04:14,00.1E.C0.39.41.44,V1.0*04
 0.716 $IIVHW,,T,274,M,,N,,K*64
 0.718 $IIHDG,274,,,,*56
 0.719 $IIHDM,274,M*3D
 1.492 $IIXDR,U,12.442,V,BatWiFi*14
 2.514 $PNKEP,01,3.30,N,1.70,K*6E
 2.516 $PNKEP,02,173*77
 2.520 $PNKEP,03,314,73,70*76
 2.524 $PNKEP,04,267,72,267,72*68
 2.528 $PNKEP,05,89,0.0,N,0.0,K*41
 2.541 $IIRMB,A,,,,,,,,,2.9,251,2.30,A,A*10
 2.856 $IIHDG,225,,,,*52
 2.858 $IIHDM,225,M*39
 3.354 $IIVHW,,T,221,M,,N,,K*64
 3.366 $IIHDG,221,,,,*56
 3.367 $IIHDM,221,M*3D
 3.836 $IIHDG,219,,,,*5D
 3.837 $IIHDM,219,M*36
 4.369 $IIVHW,,T,217,M,,N,,K*61
 4.371 $IIHDG,217,,,,*53
 4.372 $IIHDM,217,M*38
 4.835 $IIHDG,216,,,,*52
 4.837 $IIHDM,216,M*39
 5.495 $PNKEP,01,3.20,N,1.65,K*6B
 5.498 $PNKEP,02,177*73
 5.501 $PNKEP,03,314,66,66*75
 5.506 $PNKEP,04,273,68,273,68*68
 5.510 $PNKEP,05,315,0.2,N,0.1,K*74
 5.827 $IIVHW,,T,215,M,,N,,K*63
 5.829 $IIHDG,215,,,,*51
 5.830 $IIHDM,215,M*3A
 8.292 $IIVHW,,T,215,M,,N,,K*63
 8.304 $IIHDG,215,,,,*51
 8.305 $IIHDM,215,M*3A
 8.494 $PNKEP,01,0.00,N,0.00,K*68
 8.496 $PNKEP,02,241*75
 8.500 $PNKEP,03,46,0,1000*70
 8.504 $PNKEP,04,279,45,279,45*68
 8.508 $PNKEP,05,284,2.6,N,1.3,K*78
 9.794 $IIRMB,A,,,,,,,,,2.9,251,2.60,A,A*15
10.792 $IIVHW,,T,215,M,,N,,K*63
10.794 $IIHDG,215,,,,*51
10.795 $IIHDM,215,M*3A
11.497 $PNKEP,02,243*77
11.504 $PNKEP,04,280,44,280,44*68
11.508 $PNKEP,05,286,2.5,N,1.3,K*79
13.293 $IIVHW,,T,215,M,,N,,K*63
13.294 $IIHDG,215,,,,*51
13.305 $IIHDM,215,M*3A
14.499 $PNKEP,01,3.40,N,1.75,K*6C
14.502 $PNKEP,02,176*72
14.506 $PNKEP,03,314,66,62*71
14.510 $PNKEP,04,279,71,279,71*68
14.513 $PNKEP,05,313,0.6,N,0.3,K*74
15.791 $IIHDG,215,,,,*51
15.792 $IIHDM,215,M*3A
17.294 $IIRMB,A,,,,,,,,,2.9,251,2.60,A,A*15
17.497 $PNKEP,02,178*7C
17.505 $PNKEP,03,314,65,61*71
17.508 $PNKEP,04,278,71,278,71*68
17.512 $PNKEP,05,296,0.6,N,0.3,K*78
18.292 $IIVHW,,T,215,M,,N,,K*63
18.294 $IIHDG,215,,,,*51
18.295 $IIHDM,215,M*3A
20.498 $PNKEP,02,174*70
20.512 $PNKEP,03,314,66,62*71
20.516 $PNKEP,04,279,72,279,72*68
20.520 $PNKEP,05,317,0.7,N,0.4,K*76
20.792 $IIVHW,,T,215,M,,N,,K*63
20.794 $IIHDG,215,,,,*51
20.795 $IIHDM,215,M*3A
21.832 $PNKEP,01,3.40,N,1.75,K*6C
23.292 $IIVHW,,T,215,M,,N,,K*63
23.294 $IIHDG,215,,,,*51
23.295 $IIHDM,215,M*3A
23.497 $PNKEP,01,0.00,N,0.00,K*68
23.499 $PNKEP,02,231*72
23.503 $PNKEP,03,46,0,1000*70
23.507 $PNKEP,04,275,46,275,46*68
23.511 $PNKEP,05,282,2.7,N,1.4,K*78
24.795 $IIRMB,A,,,,,,,,,2.9,251,2.70,A,A*14
25.793 $IIVHW,,T,215,M,,N,,K*63
25.794 $IIHDG,215,,,,*51
25.796 $IIHDM,215,M*3A
26.497 $PNKEP,02,227*75
26.504 $PNKEP,04,272,45,272,45*68
26.508 $PNKEP,05,278,2.6,N,1.3,K*7B
28.292 $IIVHW,,T,215,M,,N,,K*63
28.293 $IIHDG,215,,,,*51
28.295 $IIHDM,215,M*3A
29.499 $PNKEP,01,3.50,N,1.80,K*67
29.502 $PNKEP,02,167*72
29.506 $PNKEP,03,314,66,61*72
29.510 $PNKEP,04,273,72,273,72*68
29.513 $PNKEP,05,313,0.6,N,0.3,K*74
30.791 $IIVHW,,T,215,M,,N,,K*63
30.793 $IIHDG,215,,,,*51
30.794 $IIHDM,215,M*3A
31.502 $IIXDR,U,12.453,V,BatWiFi*14
32.294 $IIRMB,A,,,,,,,,,2.9,251,2.60,A,A*15
32.511 $PNKEP,02,165*70
32.514 $PNKEP,03,314,68,62*7F
32.519 $PNKEP,04,270,74,270,74*68
32.523 $PNKEP,05,296,0.6,N,0.3,K*78
33.292 $IIVHW,,T,215,M,,N,,K*63
33.294 $IIHDG,215,,,,*51
33.295 $IIHDM,215,M*3A
35.506 $PNKEP,01,3.60,N,1.85,K*61
35.508 $PNKEP,02,163*76
35.512 $PNKEP,03,314,72,64*72
35.516 $PNKEP,04,271,77,271,77*68
35.520 $PNKEP,05,309,0.6,N,0.3,K*7F
35.792 $IIVHW,,T,215,M,,N,,K*63
35.793 $IIHDG,215,,,,*51
35.805 $IIHDM,215,M*3A
38.292 $IIVHW,,T,215,M,,N,,K*63
38.294 $IIHDG,215,,,,*51
38.295 $IIHDM,215,M*3A
38.498 $PNKEP,01,0.00,N,0.00,K*68
38.501 $PNKEP,02,217*76
38.504 $PNKEP,03,46,0,1000*70
38.508 $PNKEP,04,269,48,269,48*68
38.512 $PNKEP,05,277,2.9,N,1.5,K*7D
39.794 $IIRMB,A,,,,,,,,,2.9,251,2.90,A,A*1A
40.792 $IIVHW,,T,215,M,,N,,K*63
40.793 $IIHDG,215,,,,*51
40.795 $IIHDM,215,M*3A
41.509 $PNKEP,02,223*71
41.518 $PNKEP,04,270,46,270,46*68
41.521 $PNKEP,05,275,2.8,N,1.4,K*7F
43.292 $IIVHW,,T,215,M,,N,,K*63
43.302 $IIHDG,215,,,,*51
43.304 $IIHDM,215,M*3A
44.509 $PNKEP,01,3.20,N,1.65,K*6B
44.512 $PNKEP,02,173*77
44.516 $PNKEP,03,314,74,74*75
44.520 $PNKEP,04,269,77,269,77*68
44.523 $PNKEP,05,292,0.5,N,0.3,K*7F
45.792 $IIVHW,,T,215,M,,N,,K*63
45.794 $IIHDG,215,,,,*51
45.795 $IIHDM,215,M*3A
47.295 $IIRMB,A,,,,,,,,,2.9,251,2.80,A,A*1B
47.507 $PNKEP,01,3.80,N,1.95,K*6E
47.509 $PNKEP,02,174*70
47.513 $PNKEP,03,314,59,59*75
47.517 $PNKEP,04,268,60,268,60*68
47.521 $PNKEP,05,309,0.2,N,0.1,K*79
48.292 $IIVHW,,T,215,M,,N,,K*63
48.294 $IIHDG,215,,,,*51
48.295 $IIHDM,215,M*3A
50.502 $PNKEP,01,0.00,N,0.00,K*68
50.506 $PNKEP,02,180*7B
50.510 $PNKEP,03,314,52,1000*73
50.513 $PNKEP,04,268,55,268,55*68
50.517 $PNKEP,05,244,0.2,N,0.1,K*71
50.792 $IIVHW,,T,215,M,,N,,K*63
50.794 $IIHDG,215,,,,*51
50.795 $IIHDM,215,M*3A
53.291 $IIVHW,,T,215,M,,N,,K*63
53.293 $IIHDG,215,,,,*51
53.294 $IIHDM,215,M*3A
53.500 $PNKEP,02,235*76
53.507 $PNKEP,03,46,0,1000*70
53.511 $PNKEP,04,273,36,273,36*68
53.536 $PNKEP,05,275,2.2,N,1.1,K*70
54.794 $IIRMB,A,,,,,,,,,2.9,251,2.20,A,A*11
55.792 $IIVHW,,T,215,M,,N,,K*63
55.794 $IIHDG,215,,,,*51
55.795 $IIHDM,215,M*3A
56.503 $PNKEP,02,237*74
56.510 $PNKEP,04,274,38,274,38*68
56.513 $PNKEP,05,278,2.4,N,1.2,K*78
57.831 $PNKEP,01,0.00,N,0.00,K*68
58.292 $IIVHW,,T,215,M,,N,,K*63
58.294 $IIHDG,215,,,,*51
58.295 $IIHDM,215,M*3A
59.500 $PNKEP,01,3.90,N,2.01,K*61
59.503 $PNKEP,02,178*7C
59.506 $PNKEP,03,314,52,50*77
59.511 $PNKEP,04,277,57,277,57*68
59.525 $PNKEP,05,314,0.5,N,0.3,K*70
59.536 $IIRMB,A,,,,,,,,,2.9,250,2.40,A,A*16
60.542 $PNKEV,Box WiFi nke 3,V2.1,Aug 23 2017,17:04:14,00.1E.C0.39.41.44,V1.0*04
60.793 $IIVHW,,T,215,M,,N,,K*63
60.794 $IIHDG,215,,,,*51
60.796 $IIHDM,215,M*3A
61.543 $IIXDR,U,12.454,V,BatWiFi*13
62.500 $PNKEP,01,4.00,N,2.06,K*68
62.503 $PNKEP,02,172*76
62.506 $PNKEP,03,314,56,52*71
62.511 $PNKEP,04,273,63,273,63*68
62.514 $PNKEP,05,287,0.8,N,0.4,K*71
63.291 $IIHDG,215,,,,*51
63.292 $IIHDM,215,M*3A
65.500 $PNKEP,01,4.20,N,2.16,K*6B
65.513 $PNKEP,02,167*72
65.516 $PNKEP,03,314,61,56*71
65.520 $PNKEP,04,272,67,272,67*68
65.524 $PNKEP,05,297,0.7,N,0.4,K*7F
65.793 $IIVHW,,T,215,M,,N,,K*63
65.794 $IIHDG,215,,,,*51
65.796 $IIHDM,215,M*3A
66.794 $IIRMB,A,,,,,,,,,2.9,250,3.00,A,A*13
68.292 $IIVHW,,T,215,M,,N,,K*63
68.294 $IIHDG,215,,,,*51
68.295 $IIHDM,215,M*3A
68.500 $PNKEP,01,0.00,N,0.00,K*68
68.504 $PNKEP,02,221*73
68.508 $PNKEP,03,46,0,1000*70
68.511 $PNKEP,04,270,46,270,46*68
68.514 $PNKEP,05,277,3.2,N,1.6,K*74
70.791 $IIVHW,,T,215,M,,N,,K*63
70.793 $IIHDG,215,,,,*51
70.794 $IIHDM,215,M*3A
71.503 $PNKEP,02,217*76
71.510 $PNKEP,04,266,49,266,49*68
71.514 $PNKEP,05,271,3.1,N,1.6,K*71
73.292 $IIVHW,,T,215,M,,N,,K*63
73.294 $IIHDG,215,,,,*51
73.295 $IIHDM,215,M*3A
74.046 $IIRMB,A,,,,,,,,,2.9,250,3.10,A,A*12
74.754 $PNKEP,01,3.40,N,1.75,K*6C
74.758 $PNKEP,02,162*77
74.762 $PNKEP,03,314,83,78*71
74.765 $PNKEP,04,267,85,267,85*68
74.768 $PNKEP,05,315,0.5,N,0.3,K*71
75.791 $IIVHW,,T,215,M,,N,,K*63
75.803 $IIHDG,215,,,,*51
75.804 $IIHDM,215,M*3A
77.508 $PNKEP,03,314,80,76*7C
77.512 $PNKEP,04,261,82,261,82*68
77.516 $PNKEP,05,275,0.3,N,0.2,K*71
78.291 $IIVHW,,T,215,M,,N,,K*63
78.293 $IIHDG,215,,,,*51
78.294 $IIHDM,215,M*3A
80.501 $PNKEP,01,4.00,N,2.06,K*68
80.503 $PNKEP,02,166*73
80.507 $PNKEP,03,314,64,61*70
80.511 $PNKEP,04,265,67,265,67*68
80.515 $PNKEP,05,305,0.3,N,0.2,K*77
80.791 $IIVHW,,T,215,M,,N,,K*63
80.793 $IIHDG,215,,,,*51
80.795 $IIHDM,215,M*3A
81.544 $IIRMB,A,,,,,,,,,2.9,250,2.70,A,A*15
83.292 $IIVHW,,T,215,M,,N,,K*63
83.294 $IIHDG,215,,,,*51
83.295 $IIHDM,215,M*3A
83.507 $PNKEP,01,0.00,N,0.00,K*68
83.510 $PNKEP,02,225*77
83.513 $PNKEP,03,46,0,1000*70
83.518 $PNKEP,04,268,40,268,40*68
83.522 $PNKEP,05,270,2.6,N,1.3,K*73
85.791 $IIHDG,215,,,,*51
85.792 $IIHDM,215,M*3A
86.509 $PNKEP,01,3.90,N,2.01,K*61
86.511 $PNKEP,02,173*77
86.515 $PNKEP,03,314,57,55*77
86.519 $PNKEP,04,271,60,271,60*68
86.523 $PNKEP,05,313,0.4,N,0.2,K*77
86.538 $IIRMB,A,,,,,,,,,2.8,250,2.50,A,A*16
88.292 $IIVHW,,T,215,M,,N,,K*63
88.293 $IIHDG,215,,,,*51
88.295 $IIHDM,215,M*3A
89.503 $PNKEP,01,4.00,N,2.06,K*68
89.505 $PNKEP,02,171*75
89.509 $PNKEP,03,314,56,53*70
89.513 $PNKEP,04,271,62,271,62*68
89.517 $PNKEP,05,295,0.6,N,0.3,K*7B
90.793 $IIVHW,,T,215,M,,N,,K*63
90.794 $IIHDG,215,,,,*51
90.796 $IIHDM,215,M*3A
91.552 $IIXDR,U,12.453,V,BatWiFi*14
92.511 $PNKEP,01,4.20,N,2.16,K*6B
92.515 $PNKEP,02,167*72
92.519 $PNKEP,03,314,56,52*71
92.522 $PNKEP,04,270,63,270,63*68
92.525 $PNKEP,05,290,0.7,N,0.4,K*78
93.293 $IIVHW,,T,215,M,,N,,K*63
93.294 $IIHDG,215,,,,*51
93.296 $IIHDM,215,M*3A
93.794 $IIRMB,A,,,,,,,,,2.8,250,2.80,A,A*1B
95.505 $PNKEP,01,4.30,N,2.21,K*6E
95.508 $PNKEP,02,163*76
95.512 $PNKEP,03,314,61,54*73
95.516 $PNKEP,04,269,69,269,69*68
95.519 $PNKEP,05,291,0.9,N,0.5,K*76
95.793 $IIVHW,,T,215,M,,N,,K*63
95.794 $IIHDG,215,,,,*51
95.796 $IIHDM,215,M*3A
98.292 $IIVHW,,T,215,M,,N,,K*63
98.294 $IIHDG,215,,,,*51
98.295 $IIHDM,215,M*3A
98.510 $PNKEP,01,0.00,N,0.00,K*68
98.522 $PNKEP,02,211*70
98.525 $PNKEP,03,314,0,1000*44
98.529 $PNKEP,04,267,45,267,45*68
98.533 $PNKEP,05,276,3.1,N,1.6,K*76
100.792 $IIVHW,,T,215,M,,N,,K*63
100.794 $IIHDG,215,,,,*51
100.795 $IIHDM,215,M*3A
101.295 $IIRMB,A,,,,,,,,,2.8,250,3.10,A,A*13
101.511 $PNKEP,02,205*75
101.519 $PNKEP,04,266,50,266,50*68
101.523 $PNKEP,05,275,3.2,N,1.6,K*76
103.292 $IIVHW,,T,215,M,,N,,K*63
103.294 $IIHDG,215,,,,*51
103.295 $IIHDM,215,M*3A
104.513 $PNKEP,01,3.70,N,1.90,K*64
104.516 $PNKEP,02,148*7F
104.530 $PNKEP,03,314,85,74*7B
104.534 $PNKEP,04,257,88,257,88*68
104.537 $PNKEP,05,274,0.6,N,0.3,K*74
105.792 $IIVHW,,T,215,M,,N,,K*63
105.793 $IIHDG,215,,,,*51
105.795 $IIHDM,215,M*3A
107.506 $PNKEP,02,149*7E
107.510 $PNKEP,03,314,84,73*7D
107.514 $PNKEP,04,259,88,259,88*68
107.518 $PNKEP,05,282,0.7,N,0.4,K*7B
108.292 $IIVHW,,T,215,M,,N,,K*63
108.294 $IIHDG,215,,,,*51
108.295 $IIHDM,215,M*3A
108.795 $IIRMB,A,,,,,,,,,2.8,250,3.40,A,A*16
110.505 $PNKEP,01,4.30,N,2.21,K*6E
110.508 $PNKEP,02,151*77
110.537 $PNKEP,03,314,72,63*75
110.540 $PNKEP,04,256,76,256,76*68
110.543 $PNKEP,05,271,0.6,N,0.3,K*71
110.791 $IIVHW,,T,215,M,,N,,K*63
110.793 $IIHDG,215,,,,*51
110.794 $IIHDM,215,M*3A
113.292 $IIVHW,,T,215,M,,N,,K*63
113.294 $IIHDG,215,,,,*51
113.295 $IIHDM,215,M*3A
113.511 $PNKEP,01,0.00,N,0.00,K*68
113.513 $PNKEP,02,197*7D
113.517 $PNKEP,03,314,0,1000*44
113.521 $PNKEP,04,259,48,259,48*68
113.525 $PNKEP,05,267,3.5,N,1.8,K*7C
115.792 $IIVHW,,T,215,M,,N,,K*63
115.794 $IIHDG,215,,,,*51
115.807 $IIHDM,215,M*3A
116.294 $IIRMB,A,,,,,,,,,2.8,250,3.50,A,A*17
116.508 $PNKEP,02,199*73
116.516 $PNKEP,04,257,48,257,48*68
116.519 $PNKEP,05,262,3.6,N,1.9,K*7B
118.292 $IIVHW,,T,215,M,,N,,K*63
118.294 $IIHDG,215,,,,*51
118.295 $IIHDM,215,M*3A
119.510 $PNKEP,01,3.60,N,1.85,K*61
119.512 $PNKEP,02,149*7E
119.516 $PNKEP,03,314,91,81*74
119.520 $PNKEP,04,258,93,258,93*68
119.524 $PNKEP,05,302,0.5,N,0.3,K*77
120.792 $IIVHW,,T,215,M,,N,,K*63
120.794 $IIHDG,215,,,,*51
120.795 $IIHDM,215,M*3A
121.581 $IIXDR,U,12.456,V,BatWiFi*11
122.516 $PNKEP,02,153*75
122.524 $PNKEP,03,314,90,80*74
122.528 $PNKEP,04,258,92,258,92*68
122.531 $PNKEP,05,293,0.3,N,0.2,K*79
123.293 $IIVHW,,T,215,M,,N,,K*63
123.294 $IIHDG,215,,,,*51
123.296 $IIHDM,215,M*3A
123.546 $IIRMB,A,,,,,,,,,2.8,250,3.20,A,A*10
125.509 $PNKEP,01,3.40,N,1.75,K*6C
125.511 $PNKEP,02,162*77
125.515 $PNKEP,03,314,88,82*7F
125.519 $PNKEP,04,259,89,259,89*68
125.523 $PNKEP,05,264,0.3,N,0.2,K*71
125.792 $IIVHW,,T,215,M,,N,,K*63
125.794 $IIHDG,215,,,,*51
125.805 $IIHDM,215,M*3A
128.292 $IIVHW,,T,215,M,,N,,K*63
128.294 $IIHDG,215,,,,*51
128.296 $IIHDM,215,M*3A
128.506 $PNKEP,01,0.00,N,0.00,K*68
128.509 $PNKEP,02,219*78
128.511 $PNKEP,03,46,0,1000*70
128.515 $PNKEP,04,266,44,266,44*68
128.519 $PNKEP,05,270,3.0,N,1.5,K*72
130.792 $IIVHW,,T,215,M,,N,,K*63
130.794 $IIHDG,215,,,,*51
130.795 $IIHDM,215,M*3A
131.044 $IIRMB,A,,,,,,,,,2.8,250,3.00,A,A*12
131.507 $PNKEP,02,225*77
131.518 $PNKEP,04,268,45,268,45*68
131.521 $PNKEP,05,271,3.1,N,1.6,K*71
133.291 $IIHDG,215,,,,*51
133.292 $IIHDM,215,M*3A
134.508 $PNKEP,01,4.00,N,2.06,K*68
134.510 $PNKEP,02,168*7D
134.514 $PNKEP,03,314,65,61*71
134.518 $PNKEP,04,269,70,269,70*68
134.522 $PNKEP,05,287,0.6,N,0.3,K*78
135.792 $IIVHW,,T,215,M,,N,,K*63
135.794 $IIHDG,215,,,,*51
135.795 $IIHDM,215,M*3A
137.752 $PNKEP,01,4.20,N,2.16,K*6B
137.754 $PNKEP,02,167*72
137.758 $PNKEP,03,314,66,60*73
137.762 $PNKEP,04,271,72,271,72*68
137.766 $PNKEP,05,300,0.7,N,0.4,K*70
138.292 $IIVHW,,T,215,M,,N,,K*63
138.304 $IIHDG,215,,,,*51
138.305 $IIHDM,215,M*3A
138.544 $IIRMB,A,,,,,,,,,2.8,250,3.20,A,A*10
140.509 $PNKEP,01,4.30,N,2.21,K*6E
140.512 $PNKEP,02,161*74
140.515 $PNKEP,03,314,68,61*7C
140.520 $PNKEP,04,267,74,267,74*68
140.524 $PNKEP,05,292,0.7,N,0.4,K*7A
140.792 $IIVHW,,T,215,M,,N,,K*63
140.794 $IIHDG,215,,,,*51
140.795 $IIHDM,215,M*3A
143.292 $IIVHW,,T,215,M,,N,,K*63
143.293 $IIHDG,215,,,,*51
143.295 $IIHDM,215,M*3A
143.507 $PNKEP,01,0.00,N,0.00,K*68
143.510 $PNKEP,02,213*72
143.523 $PNKEP,03,314,0,1000*44
143.527 $PNKEP,04,267,46,267,46*68
143.531 $PNKEP,05,275,3.3,N,1.7,K*76
145.792 $IIVHW,,T,215,M,,N,,K*63
145.794 $IIHDG,215,,,,*51
145.795 $IIHDM,215,M*3A
146.043 $IIRMB,A,,,,,,,,,2.8,250,3.30,A,A*11
146.510 $PNKEP,02,209*79
146.518 $PNKEP,04,265,46,265,46*68
146.522 $PNKEP,05,273,3.3,N,1.7,K*70
148.293 $IIVHW,,T,215,M,,N,,K*63
148.294 $IIHDG,215,,,,*51
148.296 $IIHDM,215,M*3A
149.508 $PNKEP,01,4.30,N,2.21,K*6E
149.512 $PNKEP,02,154*72
149.516 $PNKEP,03,314,75,65*74
149.529 $PNKEP,04,262,78,262,78*68
149.533 $PNKEP,05,304,0.4,N,0.2,K*71
150.792 $IIVHW,,T,215,M,,N,,K*63
150.794 $IIHDG,215,,,,*51
150.796 $IIHDM,215,M*3A
151.603 $IIXDR,U,12.454,V,BatWiFi*13
152.518 $PNKEP,04,261,79,261,79*68
152.521 $PNKEP,05,281,0.6,N,0.3,K*7E
153.292 $IIVHW,,T,215,M,,N,,K*63
153.294 $IIHDG,215,,,,*51
153.295 $IIHDM,215,M*3A
153.299 $IIRMB,A,,,,,,,,,2.8,250,3.50,A,A*17
155.528 $PNKEP,01,4.50,N,2.31,K*69
155.532 $PNKEP,02,149*7E
155.536 $PNKEP,03,314,77,66*75
155.558 $PNKEP,04,258,80,258,80*68
155.561 $PNKEP,05,287,0.4,N,0.2,K*7B
155.793 $IIVHW,,T,215,M,,N,,K*63
155.794 $IIHDG,215,,,,*51
155.796 $IIHDM,215,M*3A
158.291 $IIVHW,,T,215,M,,N,,K*63
158.293 $IIHDG,215,,,,*51
158.294 $IIHDM,215,M*3A
158.520 $PNKEP,01,0.00,N,0.00,K*68
158.522 $PNKEP,02,201*71
158.526 $PNKEP,03,314,0,1000*44
158.530 $PNKEP,04,261,48,261,48*68
158.534 $PNKEP,05,268,3.5,N,1.8,K*73
158.550 $IIRMB,A,,,,,,,,,2.8,249,3.50,A,A*1F
160.792 $IIVHW,,T,215,M,,N,,K*63
160.793 $IIHDG,215,,,,*51
160.805 $IIHDM,215,M*3A
161.521 $PNKEP,02,197*7D
161.530 $PNKEP,04,260,47,260,47*68
161.533 $PNKEP,05,269,3.4,N,1.7,K*7C
163.291 $IIHDG,215,,,,*51
163.292 $IIHDM,215,M*3A
164.512 $PNKEP,01,4.50,N,2.31,K*69
164.514 $PNKEP,02,146*71
164.518 $PNKEP,03,314,80,68*73
164.522 $PNKEP,04,254,82,254,82*68
164.526 $PNKEP,05,274,0.5,N,0.3,K*77
165.791 $IIVHW,,T,215,M,,N,,K*63
165.793 $IIHDG,215,,,,*51
165.794 $IIHDM,215,M*3A
166.043 $IIRMB,A,,,,,,,,,2.8,249,3.50,A,A*1F
167.541 $PNKEP,01,4.30,N,2.21,K*6E
167.568 $PNKEP,02,153*75
167.572 $PNKEP,03,314,81,72*79
167.575 $PNKEP,04,257,83,257,83*68
167.578 $PNKEP,05,272,0.5,N,0.3,K*71
168.291 $IIHDG,215,,,,*51
168.292 $IIHDM,215,M*3A
170.511 $PNKEP,01,4.00,N,2.06,K*68
170.514 $PNKEP,02,164*71
170.517 $PNKEP,03,314,78,73*7E
170.521 $PNKEP,04,264,80,264,80*68
170.525 $PNKEP,05,289,0.5,N,0.3,K*75
170.539 $IIRMB,A,,,,,,,,,2.7,249,3.40,A,A*11
170.792 $IIVHW,,T,215,M,,N,,K*63
170.794 $IIHDG,215,,,,*51
170.795 $IIHDM,215,M*3A
173.292 $IIVHW,,T,215,M,,N,,K*63
173.303 $IIHDG,215,,,,*51
173.305 $IIHDM,215,M*3A
173.520 $PNKEP,01,0.00,N,0.00,K*68
173.522 $PNKEP,02,227*75
173.526 $PNKEP,03,46,0,1000*70
173.530 $PNKEP,04,268,46,268,46*68
173.534 $PNKEP,05,268,3.3,N,1.7,K*7A
175.791 $IIHDG,215,,,,*51
175.792 $IIHDM,215,M*3A
176.523 $PNKEP,01,2.10,N,1.08,K*62
176.526 $PNKEP,02,181*7A
176.530 $PNKEP,03,314,69,126*4F
176.534 $PNKEP,04,272,71,272,71*68
176.537 $PNKEP,05,291,0.3,N,0.2,K*7B
177.794 $IIRMB,A,,,,,,,,,2.7,249,2.90,A,A*1D
178.292 $IIVHW,,T,215,M,,N,,K*63
178.303 $IIHDG,215,,,,*51
178.304 $IIHDM,215,M*3A
179.516 $PNKEP,01,3.70,N,1.90,K*64
179.519 $PNKEP,02,184*7F
179.522 $PNKEP,03,314,63,64*72
179.527 $PNKEP,04,278,65,278,65*68
179.531 $PNKEP,05,324,0.3,N,0.2,K*74
180.791 $IIHDG,215,,,,*51
180.792 $IIHDM,215,M*3A
181.623 $IIXDR,U,12.458,V,BatWiFi*1F
182.523 $PNKEP,01,3.80,N,1.95,K*6E
182.527 $PNKEP,03,314,61,61*75
182.532 $PNKEP,04,282,65,282,65*68
182.536 $PNKEP,05,316,0.6,N,0.3,K*71
183.292 $IIVHW,,T,215,M,,N,,K*63
183.304 $IIHDG,215,,,,*51
183.305 $IIHDM,215,M*3A
185.294 $IIRMB,A,,,,,,,,,2.7,249,2.80,A,A*1C
185.521 $PNKEP,01,3.90,N,2.01,K*61
185.523 $PNKEP,02,183*78
185.527 $PNKEP,03,314,60,59*7F
185.531 $PNKEP,04,280,66,280,66*68
185.535 $PNKEP,05,296,0.7,N,0.4,K*7E
185.793 $IIVHW,,T,215,M,,N,,K*63
185.794 $IIHDG,215,,,,*51
185.796 $IIHDM,215,M*3A
188.291 $IIVHW,,T,215,M,,N,,K*63
188.293 $IIHDG,215,,,,*51
188.295 $IIHDM,215,M*3A
188.519 $PNKEP,01,0.00,N,0.00,K*68
188.522 $PNKEP,02,245*71
188.524 $PNKEP,03,46,0,1000*70
188.539 $PNKEP,04,280,44,280,44*68
188.542 $PNKEP,05,286,3.0,N,1.5,K*7B
190.792 $IIVHW,,T,215,M,,N,,K*63
190.794 $IIHDG,215,,,,*51
190.795 $IIHDM,215,M*3A
191.523 $PNKEP,02,243*77
192.794 $IIRMB,A,,,,,,,,,2.7,249,3.00,A,A*15
193.291 $IIVHW,,T,215,M,,N,,K*63
193.293 $IIHDG,215,,,,*51
193.295 $IIHDM,215,M*3A
194.514 $PNKEP,01,4.00,N,2.06,K*68
194.518 $PNKEP,02,174*70
194.522 $PNKEP,03,314,63,59*7C
194.525 $PNKEP,04,274,68,274,68*68
194.528 $PNKEP,05,288,0.6,N,0.3,K*77
195.792 $IIVHW,,T,215,M,,N,,K*63
195.804 $IIHDG,215,,,,*51
195.805 $IIHDM,215,M*3A
197.513 $PNKEP,01,3.40,N,1.75,K*6C
197.516 $PNKEP,02,175*71
197.520 $PNKEP,03,314,77,72*70
197.524 $PNKEP,04,278,80,278,80*68
197.528 $PNKEP,05,318,0.5,N,0.3,K*7C
198.292 $IIVHW,,T,215,M,,N,,K*63
198.293 $IIHDG,215,,,,*51
198.295 $IIHDM,215,M*3A
200.295 $IIRMB,A,,,,,,,,,2.7,249,2.90,A,A*1D
200.758 $PNKEP,01,3.30,N,1.70,K*6E
200.761 $PNKEP,02,176*72
200.765 $PNKEP,03,314,75,72*72
200.769 $PNKEP,04,275,78,275,78*68
200.772 $PNKEP,05,296,0.5,N,0.3,K*7B
200.792 $IIHDG,215,,,,*51
200.793 $IIHDM,215,M*3A
203.291 $IIHDG,215,,,,*51
203.292 $IIHDM,215,M*3A
203.523 $PNKEP,01,3.40,N,1.75,K*6C
203.526 $PNKEP,02,173*77
203.529 $PNKEP,03,314,74,69*79
203.534 $PNKEP,04,271,76,271,76*68
203.537 $PNKEP,05,289,0.3,N,0.2,K*72
205.792 $IIVHW,,T,215,M,,N,,K*63
205.793 $IIHDG,215,,,,*51
205.795 $IIHDM,215,M*3A
206.525 $PNKEP,01,0.00,N,0.00,K*68
206.528 $PNKEP,02,237*74
206.530 $PNKEP,03,46,0,1000*70
206.534 $PNKEP,04,273,43,273,43*68
206.548 $PNKEP,05,274,2.5,N,1.3,K*74
207.795 $IIRMB,A,,,,,,,,,2.7,249,2.50,A,A*11
208.292 $IIVHW,,T,215,M,,N,,K*63
208.294 $IIHDG,215,,,,*51
208.295 $IIHDM,215,M*3A
209.517 $PNKEP,02,187*7C
209.521 $PNKEP,03,314,65,1000*77
209.525 $PNKEP,04,278,68,278,68*68
209.529 $PNKEP,05,307,0.4,N,0.2,K*72
210.792 $IIVHW,,T,215,M,,N,,K*63
210.794 $IIHDG,215,,,,*51
210.795 $IIHDM,215,M*3A
211.626 $IIXDR,U,12.457,V,BatWiFi*10
212.516 $PNKEP,02,191*7B
212.524 $PNKEP,03,314,58,1000*79
212.527 $PNKEP,04,279,62,279,62*68
212.540 $PNKEP,05,296,0.4,N,0.2,K*7B
213.291 $IIVHW,,T,215,M,,N,,K*63
213.293 $IIHDG,215,,,,*51
213.294 $IIHDM,215,M*3A
213.830 $PNKEP,01,0.00,N,0.00,K*68
215.294 $IIRMB,A,,,,,,,,,2.7,249,2.20,A,A*16
215.516 $PNKEP,02,194*7E
215.519 $PNKEP,03,314,55,1000*74
215.524 $PNKEP,04,284,60,284,60*68
215.528 $PNKEP,05,307,0.5,N,0.3,K*72
215.792 $IIVHW,,T,215,M,,N,,K*63
215.793 $IIHDG,215,,,,*51
215.795 $IIHDM,215,M*3A
218.292 $IIVHW,,T,215,M,,N,,K*63
218.294 $IIHDG,215,,,,*51
218.305 $IIHDM,215,M*3A
218.515 $PNKEP,02,253*76
218.518 $PNKEP,03,46,0,1000*70
218.523 $PNKEP,04,282,39,282,39*68
218.527 $PNKEP,05,284,2.1,N,1.1,K*7D
220.791 $IIHDG,215,,,,*51
220.792 $IIHDM,215,M*3A
221.331 $PNKEP,01,0.00,N,0.00,K*68
221.514 $PNKEP,01,3.10,N,1.59,K*67
221.517 $PNKEP,02,187*7C
221.520 $PNKEP,03,314,54,56*77
221.525 $PNKEP,04,281,60,281,60*68
221.528 $PNKEP,05,301,0.5,N,0.3,K*74
222.795 $IIRMB,A,,,,,,,,,2.7,249,2.20,A,A*16
223.292 $IIVHW,,T,215,M,,N,,K*63
223.294 $IIHDG,215,,,,*51
223.318 $IIHDM,215,M*3A
224.536 $PNKEP,03,314,55,56*76
224.541 $PNKEP,04,283,61,283,61*68
224.545 $PNKEP,05,312,0.6,N,0.3,K*75
225.792 $IIVHW,,T,215,M,,N,,K*63
225.794 $IIHDG,215,,,,*51
225.795 $IIHDM,215,M*3A
227.517 $PNKEP,02,186*7D
227.520 $PNKEP,03,314,55,57*77
227.525 $PNKEP,04,280,62,280,62*68
227.528 $PNKEP,05,298,0.5,N,0.3,K*75
228.292 $IIVHW,,T,215,M,,N,,K*63
228.294 $IIHDG,215,,,,*51
228.296 $IIHDM,215,M*3A
228.832 $PNKEP,01,3.10,N,1.59,K*67
230.294 $IIRMB,A,,,,,,,,,2.7,249,2.30,A,A*17
230.515 $PNKEP,01,3.30,N,1.70,K*6E
230.518 $PNKEP,02,179*7D
230.521 $PNKEP,03,314,60,58*7E
230.526 $PNKEP,04,275,65,275,65*68
230.530 $PNKEP,05,285,0.5,N,0.3,K*79
230.792 $IIVHW,,T,215,M,,N,,K*63
230.794 $IIHDG,215,,,,*51
230.795 $IIHDM,215,M*3A
233.291 $IIHDG,215,,,,*51
233.292 $IIHDM,215,M*3A
233.515 $PNKEP,01,3.40,N,1.75,K*6C
233.517 $PNKEP,02,173*77
233.521 $PNKEP,03,314,64,60*71
233.525 $PNKEP,04,276,69,276,69*68
233.529 $PNKEP,05,314,0.5,N,0.3,K*70
235.792 $IIVHW,,T,215,M,,N,,K*63
235.803 $IIHDG,215,,,,*51
235.805 $IIHDM,215,M*3A
236.515 $PNKEP,01,0.00,N,0.00,K*68
236.517 $PNKEP,02,223*71
236.520 $PNKEP,03,46,0,1000*70
236.525 $PNKEP,04,270,45,270,45*68
236.529 $PNKEP,05,276,2.6,N,1.3,K*75
237.794 $IIRMB,A,,,,,,,,,2.7,249,2.60,A,A*12
238.291 $IIHDG,215,,,,*51
238.292 $IIHDM,215,M*3A
239.517 $PNKEP,01,3.50,N,1.80,K*67
239.521 $PNKEP,02,162*77
239.525 $PNKEP,03,314,72,66*70
239.528 $PNKEP,04,264,76,264,76*68
239.531 $PNKEP,05,276,0.5,N,0.3,K*75
240.792 $IIVHW,,T,215,M,,N,,K*63
240.803 $IIHDG,215,,,,*51
240.804 $IIHDM,215,M*3A
241.632 $IIXDR,U,12.455,V,BatWiFi*12
242.519 $PNKEP,02,159*7F
242.523 $PNKEP,03,314,74,67*77
242.527 $PNKEP,04,261,76,261,76*68
242.531 $PNKEP,05,289,0.2,N,0.1,K*70
242.546 $IIRMB,A,,,,,,,,,2.7,248,2.60,A,A*13
243.291 $IIHDG,215,,,,*51
243.292 $IIHDM,215,M*3A
245.516 $PNKEP,01,3.60,N,1.85,K*61
245.518 $PNKEP,02,154*72
245.522 $PNKEP,03,314,73,65*72
245.526 $PNKEP,04,262,77,262,77*68
245.530 $PNKEP,05,300,0.5,N,0.3,K*75
245.791 $IIVHW,,T,215,M,,N,,K*63
245.803 $IIHDG,215,,,,*51
245.804 $IIHDM,215,M*3A
248.291 $IIVHW,,T,215,M,,N,,K*63
248.293 $IIHDG,215,,,,*51
248.295 $IIHDM,215,M*3A
248.517 $PNKEP,01,0.00,N,0.00,K*68
248.520 $PNKEP,02,205*75
248.524 $PNKEP,03,314,0,1000*44
248.528 $PNKEP,04,261,45,261,45*68
248.531 $PNKEP,05,268,2.6,N,1.3,K*7A
250.043 $IIRMB,A,,,,,,,,,2.7,248,2.60,A,A*13
250.792 $IIVHW,,T,215,M,,N,,K*63
250.794 $IIHDG,215,,,,*51
250.796 $IIHDM,215,M*3A
251.518 $PNKEP,02,199*73
251.527 $PNKEP,04,259,46,259,46*68
251.541 $PNKEP,05,266,2.7,N,1.4,K*72
253.292 $IIVHW,,T,215,M,,N,,K*63
253.294 $IIHDG,215,,,,*51
253.295 $IIHDM,215,M*3A
254.519 $PNKEP,01,3.70,N,1.90,K*64
254.522 $PNKEP,02,149*7E
254.526 $PNKEP,03,314,73,63*74
254.530 $PNKEP,04,258,76,258,76*68
254.533 $PNKEP,05,289,0.4,N,0.2,K*75
255.792 $IIVHW,,T,215,M,,N,,K*63
255.794 $IIHDG,215,,,,*51
255.795 $IIHDM,215,M*3A
257.296 $IIRMB,A,,,,,,,,,2.7,248,2.70,A,A*12
257.518 $PNKEP,02,147*70
257.526 $PNKEP,03,314,75,64*75
257.529 $PNKEP,04,255,78,255,78*68
257.542 $PNKEP,05,274,0.4,N,0.2,K*77
258.291 $IIHDM,215,M*3A
260.520 $PNKEP,02,148*7F
260.523 $PNKEP,03,314,76,66*74
260.528 $PNKEP,04,253,78,253,78*68
260.531 $PNKEP,05,255,0.3,N,0.2,K*73
260.791 $IIHDG,215,,,,*51
260.792 $IIHDM,215,M*3A
261.831 $PNKEP,01,3.70,N,1.90,K*64
263.291 $IIVHW,,T,215,M,,N,,K*63
263.293 $IIHDG,215,,,,*51
263.294 $IIHDM,215,M*3A
263.765 $PNKEP,01,0.00,N,0.00,K*68
263.767 $PNKEP,02,205*75
263.771 $PNKEP,03,314,0,1000*44
263.775 $PNKEP,04,265,49,265,49*68
263.789 $PNKEP,05,274,3.0,N,1.5,K*76
264.793 $IIRMB,A,,,,,,,,,2.7,248,3.00,A,A*14
265.792 $IIVHW,,T,215,M,,N,,K*63
265.794 $IIHDG,215,,,,*51
265.795 $IIHDM,215,M*3A
266.516 $PNKEP,02,213*72
266.524 $PNKEP,04,265,46,265,46*68
266.528 $PNKEP,05,271,2.8,N,1.4,K*7B
266.547 $IIRMB,A,,,,,,,,,2.6,248,2.80,A,A*1C
268.292 $IIVHW,,T,215,M,,N,,K*63
268.294 $IIHDG,215,,,,*51
268.295 $IIHDM,215,M*3A
269.518 $PNKEP,01,3.50,N,1.80,K*67
269.521 $PNKEP,02,163*76
269.524 $PNKEP,03,314,81,74*7F
269.529 $PNKEP,04,264,83,264,83*68
269.542 $PNKEP,05,284,0.4,N,0.2,K*78
270.792 $IIVHW,,T,215,M,,N,,K*63
270.794 $IIHDG,215,,,,*51
270.795 $IIHDM,215,M*3A
271.651 $IIXDR,U,12.456,V,BatWiFi*11
272.517 $PNKEP,01,4.00,N,2.06,K*68
272.520 $PNKEP,02,167*72
272.523 $PNKEP,03,314,69,65*79
272.528 $PNKEP,04,268,72,268,72*68
272.531 $PNKEP,05,306,0.4,N,0.2,K*73
273.292 $IIVHW,,T,215,M,,N,,K*63
273.294 $IIHDG,215,,,,*51
273.295 $IIHDM,215,M*3A
274.044 $IIRMB,A,,,,,,,,,2.6,248,3.00,A,A*15
275.519 $PNKEP,02,168*7D
275.531 $PNKEP,03,314,71,68*7D
275.536 $PNKEP,04,267,74,267,74*68
275.540 $PNKEP,05,291,0.4,N,0.2,K*7C
275.792 $IIVHW,,T,215,M,,N,,K*63
275.794 $IIHDG,215,,,,*51
275.795 $IIHDM,215,M*3A
278.292 $IIVHW,,T,215,M,,N,,K*63
278.294 $IIHDG,215,,,,*51
278.295 $IIHDM,215,M*3A
278.519 $PNKEP,01,0.00,N,0.00,K*68
278.522 $PNKEP,02,219*78
278.525 $PNKEP,03,46,0,1000*70
278.529 $PNKEP,04,267,45,267,45*68
278.533 $PNKEP,05,272,3.1,N,1.6,K*72
280.791 $IIVHW,,T,215,M,,N,,K*63
280.793 $IIHDG,215,,,,*51
280.819 $IIHDM,215,M*3A
281.521 $PN