
==> Box WiFi V2.1  Start logging
 0.416 $PNKEV,Box WiFi nke 3,V2.1,Aug 23 2017,17:04:14,00.1E.C0.39.41.44,V1.0*04
 0.707 $IIVHW,,T,9,M,,N,,K*6C
 0.709 $IIHDG,9,,,,*5E
 0.710 $IIHDM,9,M*35
 1.401 $IIXDR,U,12.455,V,BatWiFi*12
 2.897 $IIVHW,,T,14,M,,N,,K*50
 2.899 $IIHDG,14,,,,*62
 2.900 $IIHDM,14,M*09
 4.568 $IIVHW,,T,15,M,,N,,K*51
 4.569 $IIHDG,15,,,,*63
 4.571 $IIHDM,15,M*08
 7.043 $IIVHW,,T,15,M,,N,,K*51
 7.044 $IIHDG,15,,,,*63
 7.045 $IIHDM,15,M*08
 9.543 $IIVHW,,T,15,M,,N,,K*51
 9.544 $IIHDG,15,,,,*63
 9.556 $IIHDM,15,M*08
12.042 $IIVHW,,T,15,M,,N,,K*51
12.044 $IIHDG,15,,,,*63
12.045 $IIHDM,15,M*08
14.542 $IIVHW,,T,15,M,,N,,K*51
14.544 $IIHDG,15,,,,*63
14.545 $IIHDM,15,M*08
17.042 $IIVHW,,T,15,M,,N,,K*51
17.044 $IIHDG,15,,,,*63
17.045 $IIHDM,15,M*08
19.542 $IIVHW,,T,15,M,,N,,K*51
19.544 $IIHDG,15,,,,*63
19.545 $IIHDM,15,M*08
22.041 $IIHDG,15,,,,*63
22.042 $IIHDM,15,M*08
24.542 $IIVHW,,T,15,M,,N,,K*51
24.544 $IIHDG,15,,,,*63
24.545 $IIHDM,15,M*08
27.042 $IIVHW,,T,15,M,,N,,K*51
27.054 $IIHDG,15,,,,*63
27.056 $IIHDM,15,M*08
29.542 $IIVHW,,T,15,M,,N,,K*51
29.543 $IIHDG,15,,,,*63
29.545 $IIHDM,15,M*08
31.402 $IIXDR,U,12.461,V,BatWiFi*15
32.042 $IIVHW,,T,15,M,,N,,K*51
32.044 $IIHDG,15,,,,*63
32.045 $IIHDM,15,M*08
34.542 $IIVHW,,T,15,M,,N,,K*51
34.543 $IIHDG,15,,,,*63
34.545 $IIHDM,15,M*08
37.042 $IIVHW,,T,15,M,,N,,K*51
37.044 $IIHDG,15,,,,*63
37.045 $IIHDM,15,M*08
39.542 $IIVHW,,T,15,M,,N,,K*51
39.544 $IIHDG,15,,,,*63
39.545 $IIHDM,15,M*08
42.042 $IIVHW,,T,15,M,,N,,K*51
42.055 $IIHDG,15,,,,*63
42.056 $IIHDM,15,M*08
44.542 $IIVHW,,T,15,M,,N,,K*51
44.544 $IIHDG,15,,,,*63
44.545 $IIHDM,15,M*08
47.042 $IIVHW,,T,15,M,,N,,K*51
47.044 $IIHDG,15,,,,*63
47.045 $IIHDM,15,M*08
49.543 $IIVHW,,T,15,M,,N,,K*51
49.544 $IIHDG,15,,,,*63
49.545 $IIHDM,15,M*08
52.043 $IIVHW,,T,15,M,,N,,K*51
52.044 $IIHDG,15,,,,*63
52.046 $IIHDM,15,M*08
54.543 $IIVHW,,T,15,M,,N,,K*51
54.544 $IIHDG,15,,,,*63
54.546 $IIHDM,15,M*08
57.041 $IIHDG,15,,,,*63
57.042 $IIHDM,15,M*08
59.542 $IIVHW,,T,15,M,,N,,K*51
59.555 $IIHDG,15,,,,*63
59.556 $IIHDM,15,M*08
60.402 $PNKEV,Box WiFi nke 3,V2.1,Aug 23 2017,17:04:14,00.1E.C0.39.41.44,V1.0*04
61.403 $IIXDR,U,12.458,V,BatWiFi*1F
62.042 $IIVHW,,T,15,M,,N,,K*51
62.044 $IIHDG,15,,,,*63
62.045 $IIHDM,15,M*08
64.542 $IIVHW,,T,15,M,,N,,K*51
64.544 $IIHDG,15,,,,*63
64.545 $IIHDM,15,M*08
67.042 $IIVHW,,T,15,M,,N,,K*51
67.044 $IIHDG,15,,,,*63
67.045 $IIHDM,15,M*08
69.541 $IIHDG,15,,,,*63
69.542 $IIHDM,15,M*08
72.042 $IIVHW,,T,15,M,,N,,K*51
72.055 $IIHDG,15,,,,*63
72.056 $IIHDM,15,M*08
74.542 $IIVHW,,T,15,M,,N,,K*51
74.544 $IIHDG,15,,,,*63
74.545 $IIHDM,15,M*08
77.041 $IIHDG,15,,,,*63
77.042 $IIHDM,15,M*08
79.542 $IIVHW,,T,15,M,,N,,K*51
79.544 $IIHDG,15,,,,*63
79.545 $IIHDM,15,M*08
82.042 $IIVHW,,T,15,M,,N,,K*51
82.044 $IIHDG,15,,,,*63
82.045 $IIHDM,15,M*08
84.543 $IIVHW,,T,15,M,,N,,K*51
84.544 $IIHDG,15,,,,*63
84.546 $IIHDM,15,M*08
87.041 $IIHDG,15,,,,*63
87.042 $IIHDM,15,M*08
89.542 $IIVHW,,T,15,M,,N,,K*51
89.544 $IIHDG,15,,,,*63
89.556 $IIHDM,15,M*08
91.402 $IIXDR,U,12.457,V,BatWiFi*10
92.042 $IIVHW,,T,15,M,,N,,K*51
92.044 $IIHDG,15,,,,*63
92.045 $IIHDM,15,M*08
94.542 $IIVHW,,T,15,M,,N,,K*51
94.544 $IIHDG,15,,,,*63
94.545 $IIHDM,15,M*08
97.042 $IIVHW,,T,15,M,,N,,K*51
97.044 $IIHDG,15,,,,*63
97.045 $IIHDM,15,M*08
99.542 $IIVHW,,T,15,M,,N,,K*51
99.544 $IIHDG,15,,,,*63
99.545 $IIHDM,15,M*08
102.043 $IIVHW,,T,15,M,,N,,K*51
102.044 $IIHDG,15,,,,*63
102.046 $IIHDM,15,M*08
104.541 $IIHDG,15,,,,*63
104.542 $IIHDM,15,M*08
107.042 $IIVHW,,T,15,M,,N,,K*51
107.043 $IIHDG,15,,,,*63
107.044 $IIHDM,15,M*08
109.542 $IIVHW,,T,15,M,,N,,K*51
109.543 $IIHDG,15,,,,*63
109.545 $IIHDM,15,M*08
112.042 $IIVHW,,T,15,M,,N,,K*51
112.044 $IIHDG,15,,,,*63
112.045 $IIHDM,15,M*08
114.542 $IIVHW,,T,15,M,,N,,K*51
114.544 $IIHDG,15,,,,*63
114.545 $IIHDM,15,M*08
117.042 $IIVHW,,T,15,M,,N,,K*51
117.044 $IIHDG,15,,,,*63
117.045 $IIHDM,15,M*08
119.542 $IIVHW,,T,15,M,,N,,K*51
119.544 $IIHDG,15,,,,*63
119.545 $IIHDM,15,M*08
121.402 $IIXDR,U,12.463,V,BatWiFi*17
122.042 $IIVHW,,T,15,M,,N,,K*51
122.044 $IIHDG,15,,,,*63
122.045 $IIHDM,15,M*08
124.542 $IIVHW,,T,15,M,,N,,K*51
124.544 $IIHDG,15,,,,*63
124.545 $IIHDM,15,M*08
127.042 $IIVHW,,T,15,M,,N,,K*51
127.044 $IIHDG,15,,,,*63
127.045 $IIHDM,15,M*08
129.542 $IIVHW,,T,15,M,,N,,K*51
129.544 $IIHDG,15,,,,*63
129.545 $IIHDM,15,M*08
132.041 $IIHDG,15,,,,*63
132.042 $IIHDM,15,M*08
134.542 $IIVHW,,T,15,M,,N,,K*51
134.544 $IIHDG,15,,,,*63
134.545 $IIHDM,15,M*08
137.042 $IIVHW,,T,15,M,,N,,K*51
137.054 $IIHDG,15,,,,*63
137.056 $IIHDM,15,M*08
139.542 $IIVHW,,T,15,M,,N,,K*51
139.543 $IIHDG,15,,,,*63
139.545 $IIHDM,15,M*08
142.042 $IIVHW,,T,15,M,,N,,K*51
142.044 $IIHDG,15,,,,*63
142.045 $IIHDM,15,M*08
144.542 $IIVHW,,T,15,M,,N,,K*51
144.544 $IIHDG,15,,,,*63
144.545 $IIHDM,15,M*08
147.043 $IIVHW,,T,15,M,,N,,K*51
147.044 $IIHDG,15,,,,*63
147.046 $IIHDM,15,M*08
149.543 $IIVHW,,T,15,M,,N,,K*51
149.544 $IIHDG,15,,,,*63
149.545 $IIHDM,15,M*08
151.401 $IIXDR,U,12.459,V,BatWiFi*1E
152.042 $IIVHW,,T,15,M