
==> Box WiFi V2.1  Start logging
 0.415 $PNKEV,Box WiFi nke 3,V2.1,Aug 23 2017,17:04:14,00.1E.C0.39.41.44,V1.0*04
 0.712 $IIVHW,,T,4,M,,N,,K*61
 0.713 $IIHDG,4,,,,*53
 0.715 $IIHDM,4,M*38
 0.725 $PNKEP,04,0,0,0,0*68
 1.482 $IIXDR,U,12.447,V,BatWiFi*11
 2.900 $IIHDG,6,,,,*51
 2.902 $IIHDM,6,M*3A
 5.292 $IIVHW,,T,6,M,,N,,K*63
 5.293 $IIHDG,6,,,,*51
 5.294 $IIHDM,6,M*3A
 7.792 $IIVHW,,T,6,M,,N,,K*63
 7.794 $IIHDG,6,,,,*51
 7.795 $IIHDM,6,M*3A
 8.086 $PNKEP,04,0,0,0,0*68
10.291 $IIVHW,,T,6,M,,N,,K*63
10.304 $IIHDG,6,,,,*51
10.305 $IIHDM,6,M*3A
12.793 $IIVHW,,T,6,M,,N,,K*63
12.794 $IIHDG,6,,,,*51
12.795 $IIHDM,6,M*3A
15.293 $IIVHW,,T,6,M,,N,,K*63
15.294 $IIHDG,6,,,,*51
15.295 $IIHDM,6,M*3A
15.339 $PNKEP,04,0,0,0,0*68
17.792 $IIVHW,,T,6,M,,N,,K*63
17.794 $IIHDG,6,,,,*51
17.795 $IIHDM,6,M*3A
20.292 $IIVHW,,T,6,M,,N,,K*63
20.293 $IIHDG,6,,,,*51
20.295 $IIHDM,6,M*3A
22.792 $IIVHW,,T,6,M,,N,,K*63
22.793 $IIHDG,6,,,,*51
22.795 $IIHDM,6,M*3A
22.836 $PNKEP,04,0,0,0,0*68
25.291 $IIVHW,,T,6,M,,N,,K*63
25.304 $IIHDG,6,,,,*51
25.305 $IIHDM,6,M*3A
27.792 $IIVHW,,T,6,M,,N,,K*63
27.794 $IIHDG,6,,,,*51
27.795 $IIHDM,6,M*3A
30.088 $PNKEP,04,0,0,0,0*68
30.291 $IIHDG,6,,,,*51
30.292 $IIHDM,6,M*3A
31.482 $IIXDR,U,12.458,V,BatWiFi*1F
32.791 $IIHDG,6,,,,*51
32.792 $IIHDM,6,M*3A
35.293 $IIVHW,,T,6,M,,N,,K*63
35.294 $IIHDG,6,,,,*51
35.296 $IIHDM,6,M*3A
37.585 $PNKEP,04,0,0,0,0*68
37.792 $IIVHW,,T,6,M,,N,,K*63
37.793 $IIHDG,6,,,,*51
37.794 $IIHDM,6,M*3A
40.292 $IIVHW,,T,6,M,,N,,K*63
40.304 $IIHDG,6,,,,*51
40.306 $IIHDM,6,M*3A
42.792 $IIVHW,,T,6,M,,N,,K*63
42.793 $IIHDG,6,,,,*51
42.794 $IIHDM,6,M*3A
44.838 $PNKEP,04,0,0,0,0*68
45.291 $IIHDG,6,,,,*51
45.292 $IIHDM,6,M*3A
47.791 $IIHDG,6,,,,*51
47.792 $IIHDM,6,M*3A
50.292 $IIVHW,,T,6,M,,N,,K*63
50.293 $IIHDG,6,,,,*51
50.295 $IIHDM,6,M*3A
52.090 $PNKEP,04,0,0,0,0*68
52.793 $IIVHW,,T,6,M,,N,,K*63
52.794 $IIHDG,6,,,,*51
52.795 $IIHDM,6,M*3A
55.291 $IIHDG,6,,,,*51
55.292 $IIHDM,6,M*3A
57.792 $IIVHW,,T,6,M,,N,,K*63
57.794 $IIHDG,6,,,,*51
57.806 $IIHDM,6,M*3A
59.587 $PNKEP,04,0,0,0,0*68
60.292 $IIVHW,,T,6,M,,N,,K*63
60.294 $IIHDG,6,,,,*51
60.295 $IIHDM,6,M*3A
60.482 $PNKEV,Box WiFi nke 3,V2.1,Aug 23 2017,17:04:14,00.1E.C0.39.41.44,V1.0*04
61.481 $IIXDR,U,12.454,V,BatWiFi*13
62.792 $IIVHW,,T,6,M,,N,,K*63
62.793 $IIHDG,6,,,,*51
62.794 $IIHDM,6,M*3A
65.292 $IIVHW,,T,6,M,,N,,K*63
65.294 $IIHDG,6,,,,*51
65.295 $IIHDM,6,M*3A
66.838 $PNKEP,04,0,0,0,0*68
67.791 $IIHDG,6,,,,*51
67.792 $IIHDM,6,M*3A
70.291 $IIVHW,,T,6,M,,N,,K*63
70.307 $IIHDG,6,,,,*51
70.311 $IIHDM,6,M*3A
72.792 $IIVHW,,T,6,M,,N,,K*63
72.794 $IIHDG,6,,,,*51
72.795 $IIHDM,6,M*3A
72.924 $IIVHW,,T,7,M,,N,,K*62
72.926 $IIHDG,7,,,,*50
72.927 $IIHDM,7,M*3B
74.089 $PNKEP,04,0,0,0,0*68
75.292 $IIVHW,,T,7,M,,N,,K*62
75.294 $IIHDG,7,,,,*50
75.295 $IIHDM,7,M*3B
77.792 $IIVHW,,T,7,M,,N,,K*62
77.794 $IIHDG,7,,,,*50
77.795 $IIHDM,7,M*3B
78.703 $IIHDG,6,,,,*51
78.704 $IIHDM,6,M*3A
81.042 $IIVHW,,T,6,M,,N,,K*63
81.044 $IIHDG,6,,,,*51
81.045 $IIHDM,6,M*3A
81.587 $PNKEP,04,0,0,0,0*68
83.541 $IIHDG,6,,,,*51
83.542 $IIHDM,6,M*3A
85.352 $IIVHW,,T,7,M,,N,,K*62
85.354 $IIHDG,7,,,,*50
85.355 $IIHDM,7,M*3B
85.752 $IIVHW,,T,6,M,,N,,K*63
85.753 $IIHDG,6,,,,*51
85.755 $IIHDM,6,M*3A
88.042 $IIVHW,,T,6,M,,N,,K*63
88.043 $IIHDG,6,,,,*51
88.044 $IIHDM,6,M*3A
88.838 $PNKEP,04,0,0,0,0*68
89.057 $IIVHW,,T,7,M,,N,,K*62
89.059 $IIHDG,7,,,,*50
89.060 $IIHDM,7,M*3B
90.294 $IIVHW,,T,6,M,,N,,K*63
90.295 $IIHDG,6,,,,*51
90.297 $IIHDM,6,M*3A
91.482 $IIXDR,U,12.457,V,BatWiFi*10
91.565 $IIVHW,,T,7,M,,N,,K*62
91.566 $IIHDG,7,,,,*50
91.568 $IIHDM,7,M*3B
92.799 $IIHDG,6,,,,*51
92.800 $IIHDM,6,M*3A
93.199 $IIVHW,,T,7,M,,N,,K*62
93.201 $IIHDG,7,,,,*50
93.202 $IIHDM,7,M*3B
94.035 $IIVHW,,T,6,M,,N,,K*63
94.037 $IIHDG,6,,,,*51
94.038 $IIHDM,6,M*3A
96.292 $IIVHW,,T,6,M,,N,,K*63
96.294 $IIHDG,6,,,,*51
96.295 $IIHDM,6,M*3A
96.337 $PNKEP,04,0,0,0,0*68
98.791 $IIVHW,,T,6,M,,N,,K*63
98.793 $IIHDG,6,,,,*51
98.794 $IIHDM,6,M*3A
101.291 $IIHDG,6,,,,*51
101.292 $IIHDM,6,M*3A
103.588 $PNKEP,04,0,0,0,0*68
103.791 $IIHDG,6,,,,*51
103.792 $IIHDM,6,M*3A
106.292 $IIVHW,,T,6,M,,N,,K*63
106.293 $IIHDG,6,,,,*51
106.295 $IIHDM,6,M*3A
108.791 $IIVHW,,T,6,M,,N,,K*63
108.793 $IIHDG,6,,,,*51
108.794 $IIHDM,6,M*3A
111.086 $PNKEP,04,0,0,0,0*68
111.292 $IIVHW,,T,6,M,,N,,K*63
111.294 $IIHDG,6,,,,*51
111.295 $IIHDM,6,M*3A
113.792 $IIVHW,,T,6,M,,N,,K*63
113.794 $IIHDG,6,,,,*51
113.795 $IIHDM,6,M*3A
114.749 $IIVHW,,T,7,M,,N,,K*62
114.751 $IIHDG,7,,,,*50
114.752 $IIHDM,7,M*3B
117.042 $IIVHW,,T,7,M,,N,,K*62
117.043 $IIHDG,7,,,,*50
117.044 $IIHDM,7,M*3B
118.336 $PNKEP,04,0,0,0,0*68
119.541 $IIVHW,,T,7,M,,N,,K*62
119.543 $IIHDG,7,,,,*50
119.544 $IIHDM,7,M*3B
119.725 $IIVHW,,T,6,M,,N,,K*63
119.727 $IIHDG,6,,,,*51
119.728 $IIHDM,6,M*3A
121.482 $IIXDR,U,12.460,V,BatWiFi*14
122.042 $IIVHW,,T,6,M,,N,,K*63
122.043 $IIHDG,6,,,,*51
122.045 $IIHDM,6,M*3A
124.542 $IIVHW,,T,6,M,,N,,K*63
124.543 $IIHDG,6,,,,*51
124.545 $IIHDM,6,M*3A
125.589 $PNKEP,04,0,0,0,0*68
127.043 $IIVHW,,T,6,M,,N,,K*63
127.068 $IIHDG,6,,,,*51
127.069 $IIHDM,6,M*3A
129.542 $IIVHW,,T,6,M,,N,,K*63
129.543 $IIHDG,6,,,,*51
129.544 $IIHDM,6,M*3A
132.041 $IIHDG,6,,,,*51
132.042 $IIHDM,6,M*3A
133.086 $PNKEP,04,0,0,0,0*68
134.541 $IIHDG,6,,,,*51
134.542 $IIHDM,6,M*3A
137.041 $IIHDG,6,,,,*51
137.042 $IIHDM,6,M*3A
139.541 $IIVHW,,T,6,M,,N,,K*63
139.543 $IIHDG,6,,,,*51
139.544 $IIHDM,6,M*3A
140.338 $PNKEP,04,0,0,0,0*68
142.042 $IIVHW,,T,6,M,,N,,K*63
142.044 $IIHDG,6,,,,*51
142.045 $IIHDM,6,M*3A
144.542 $IIVHW,,T,6,M,,N,,K*63
144.544 $IIHDG,6,,,,*51
144.545 $IIHDM,6,M*3A
147.042 $IIVHW,,T,6,M,,N,,K*63
147.044 $IIHDG,6,,,,*51
147.045 $IIHDM,6,M*3A
147.589 $PNKEP,04,0,0,0,0*68
148.283 $IIVHW,,T,7,M,,N,,K*62
148.285 $IIHDG,7,,,,*50
148.286 $IIHDM,7,M*3B
148.718 $IIHDM,6,M*3A
151.042 $IIVHW,,T,6,M,,N,,K*63
151.043 $IIHDG,6,,,,*51
151.045 $IIHDM,6,M*3A
151.491 $IIXDR,U,12.461,V,BatWiFi*15
153.542 $IIVHW,,T,6,M,,N,,K*63
153.544 $IIHDG,6,,,,*51
153.545 $IIHDM,6,M*3A
155.086 $PNKEP,04,0,0,0,0*68
156.041 $IIVHW,,T,6,M,,N,,K*63
156.043 $IIHDG,6,,,,*51
156.044 $IIHDM,6,M*3A
158.541 $IIVHW,,T,6,M,,N,,K*63
158.543 $IIHDG,6,,,,*51
158.544 $IIHDM,6,M*3A
161.042 $IIVHW,,T,6,M,,N,,K*63
161.044 $IIHDG,6,,,,*51
161.045 $IIHDM,6,M*3A
162.338 $PNKEP,04,0,0,0,0*68
163.543 $IIVHW,,T,6,M,,N,,K*63
163.544 $IIHDG,6,,,,*51
163.546 $IIHDM,6,M*3A
166.041 $IIVHW,,T,6,M,,N,,K*63
166.043 $IIHDG,6,,,,*51
166.044 $IIHDM,6,M*3A
168.543 $IIVHW,,T,6,M,,N,,K*63
168.544 $IIHDG,6,,,,*51
168.545 $IIHDM,6,M*3A
169.589 $PNKEP,04,0,0,0,0*68
171.041 $IIHDG,6,,,,*51
171.042 $IIHDM,6,M*3A
173.542 $IIVHW,,T,6,M,,N,,K*63
173.544 $IIHDG,6,,,,*51
173.545 $IIHDM,6,M*3A
176.042 $IIVHW,,T,6,M,,N,,K*63
176.044 $IIHDG,6,,,,*51
176.045 $IIHDM,6,M*3A
177.086 $PNKEP,04,0,0,0,0*68
178.541 $IIVHW,,T,6,M,,N,,K*63
178.543 $IIHDG,6,,,,*51
178.544 $IIHDM,6,M*3A
181.041 $IIVHW,,T,6,M,,N,,K*63
181.043 $IIHDG,6,,,,*51
181.044 $IIHDM,6,M*3A
181.492 $IIXDR,U,12.459,V,BatWiFi*1E
183.541 $IIHDG,6,,,,*51
183.542 $IIHDM,6,M*3A
184.339 $PNKEP,04,0,0,0,0*68
186.042 $IIVHW,,T,6,M,,N,,K*63
186.043 $IIHDG,6,,,,*51
186.045 $IIHDM,6,M*3A
188.541 $IIHDM,6,M*3A
191.043 $IIVHW,,T,6,M,,N,,K*63
191.044 $IIHDG,6,,,,*51
191.045 $IIHDM,6,M*3A
191.835 $PNKEP,04,0,0,0,0*68
193.542 $IIVHW,,T,6,M,,N,,K*63
193.543 $IIHDG,6,,,,*51
193.544 $IIHDM,6,M*3A
196.042 $IIVHW,,T,6,M,,N,,K*63
196.043 $IIHDG,6,,,,*51
196.045 $IIHDM,6,M*3A
198.541 $IIHDM,6,M*3A
199.088 $PNKEP,04,0,0,0,0*68
201.042 $IIVHW,,T,6,M,,N,,K*63
201.044 $IIHDG,6,,,,*51
201.055 $IIHDM,6,M*3A
203.541 $IIVHW,,T,6,M,,N,,K*63
203.543 $IIHDG,6,,,,*51
203.544 $IIHDM,6,M*3A
206.041 $IIVHW,,T,6,M,,N,,K*63
206.043 $IIHDG,6,,,,*51
206.044 $IIHDM,6,M*3A
206.586 $PNKEP,04,0,0,0,0*68
208.542 $IIVHW,,T,6,M,,N,,K*63
208.544 $IIHDG,6,,,,*51
208.545 $IIHDM,6,M*3A
211.042 $IIVHW,,T,6,M,,N,,K*63
211.044 $IIHDG,6,,,,*51
211.045 $IIHDM,6,M*3A
211.491 $IIXDR,U,12.455,V,BatWiFi*12
213.542 $IIVHW,,T,6,M,,N,,K*63
213.544 $IIHDG,6,,,,*51
213.545 $IIHDM,6,M*3A
213.837 $PNKEP,04,0,0,0,0*68
216.042 $IIVHW,,T,6,M,,N,,K*63
216.044 $IIHDG,6,,,,*51
216.045 $IIHDM,6,M*3A
218.542 $IIVHW,,T,6,M,,N,,K*63
218.543 $IIHDG,6,,,,*51
218.545 $IIHDM,6,M*3A
221.042 $IIVHW,,T,6,M,,N,,K*63
221.043 $IIHDG,6,,,,*51
221.045 $IIHDM,6,M*3A
221.089 $PNKEP,04,0,0,0,0*68
223.543 $IIVHW,,T,6,M,,N,,K*63
223.544 $IIHDG,6,,,,*51
223.545 $IIHDM,6,M*3A
226.042 $IIVHW,,T,6,M,,N,,K*63
226.044 $IIHDG,6,,,,*51
226.045 $IIHDM,6,M*3A
228.543 $IIVHW,,T,6,M,,N,,K*63
228.544 $IIHDG,6,,,,*51
228.556 $IIHDM,6,M*3A
228.587 $PNKEP,04,0,0,0,0*68
231.042 $IIVHW,,T,6,M,,N,,K*63
231.044 $IIHDG,6,,,,*51
231.045 $IIHDM,6,M*3A
233.541 $IIHDG,6,,,,*51
233.542 $IIHDM,6,M*3A
235.839 $PNKEP,04,0,0,0,0*68
236.041 $IIVHW,,T,6,M,,N,,K*63
236.043 $IIHDG,6,,,,*51
236.044 $IIHDM,6,M*3A
238.542 $IIVHW,,T,6,M,,N,,K*63
238.544 $IIHDG,6,,,,*51
238.545 $IIHDM,6,M*3A
241.042 $IIVHW,,T,6,M,,N,,K*63
241.043 $IIHDG,6,,,,*51
241.044 $IIHDM,6,M*3A
241.492 $IIXDR,U,12.453,V,BatWiFi*14
243.337 $PNKEP,04,0,0,0,0*68
243.542 $IIVHW,,T,6,M,,N,,K*63
243.544 $IIHDG,6,,,,*51
243.545 $IIHDM,6,M*3A
246.042 $IIVHW,,T,6,M,,N,,K*63
246.044 $IIHDG,6,,,,*51
246.045 $IIHDM,6,M*3A
248.542 $IIVHW,,T,6,M,,N,,K*63
248.544 $IIHDG,6,,,,*51
248.545 $IIHDM,6,M*3A
250.588 $PNKEP,04,0,0,0,0*68
251.041 $IIVHW,,T,6,M,,N,,K*63
251.043 $IIHDG,6,,,,*51
251.044 $IIHDM,6,M*3A
253.541 $IIHDM,6,M*3A
256.042 $IIVHW,,T,6,M,,N,,K*63
256.044 $IIHDG,6,,,,*51
256.045 $IIHDM,6,M*3A
257.839 $PNKEP,04,0,0,0,0*68
258.542 $IIVHW,,T,6,M,,N,,K*63
258.553 $IIHDG,6,,,,*51
258.555 $IIHDM,6,M*3A
261.041 $IIVHW,,T,6,M,,N,,K*63
261.043 $IIHDG,6,,,,*51
261.044 $IIHDM,6,M*3A
263.541 $IIHDG,6,,,,*51
263.542 $IIHDM,6,M*3A
265.336 $PNKEP,04,0,0,0,0*68
266.042 $IIVHW,,T,6,M,,N,,K*63
266.044 $IIHDG,6,,,,*51
266.045 $IIHDM,6,M*3A
268.542 $IIVHW,,T,6,M,,N,,K*63
268.544 $IIHDG,6,,,,*51
268.545 $IIHDM,6,M*3A
271.042 $IIVHW,,T,6,M,,N,,K*63
271.043 $IIHDG,6,,,,*51
271.045 $IIHDM,6,M*3A
271.493 $IIXDR,U,12.458,V,BatWiFi*1F
272.587 $PNKEP,04,0,0,0,0*68
273.541 $IIHDG,6,,,,*5