
==> Box WiFi V2.1  Start logging
 0.416 $PNKEV,Box WiFi nke 3,V2.1,Aug 23 2017,17:04:14,00.1E.C0.39.41.44,V1.0*04
 0.477 $PNKEP,04,0,0,0,0*68
 0.711 $IIVHW,,T,3,M,,N,,K*66
 0.713 $IIHDG,3,,,,*54
 0.714 $IIHDM,3,M*3F
 1.533 $IIXDR,U,12.443,V,BatWiFi*15
 2.902 $IIVHW,,T,5,M,,N,,K*60
 2.904 $IIHDG,5,,,,*52
 2.905 $IIHDM,5,M*39
 5.292 $IIVHW,,T,5,M,,N,,K*60
 5.294 $IIHDG,5,,,,*52
 5.295 $IIHDM,5,M*39
 7.792 $IIVHW,,T,5,M,,N,,K*60
 7.793 $IIHDG,5,,,,*52
 7.795 $IIHDM,5,M*39
 7.837 $PNKEP,04,0,0,0,0*68
10.292 $IIVHW,,T,5,M,,N,,K*60
10.294 $IIHDG,5,,,,*52
10.295 $IIHDM,5,M*39
12.792 $IIVHW,,T,5,M,,N,,K*60
12.794 $IIHDG,5,,,,*52
12.795 $IIHDM,5,M*39
15.088 $PNKEP,04,0,0,0,0*68
15.291 $IIHDG,5,,,,*52
15.292 $IIHDM,5,M*39
17.792 $IIVHW,,T,5,M,,N,,K*60
17.794 $IIHDG,5,,,,*52
17.795 $IIHDM,5,M*39
20.292 $IIVHW,,T,5,M,,N,,K*60
20.293 $IIHDG,5,,,,*52
20.295 $IIHDM,5,M*39
22.338 $PNKEP,04,0,0,0,0*68
22.792 $IIVHW,,T,5,M,,N,,K*60
22.793 $IIHDG,5,,,,*52
22.794 $IIHDM,5,M*39
25.291 $IIVHW,,T,5,M,,N,,K*60
25.304 $IIHDG,5,,,,*52
25.305 $IIHDM,5,M*39
27.791 $IIHDG,5,,,,*52
27.792 $IIHDM,5,M*39
29.836 $PNKEP,04,0,0,0,0*68
30.292 $IIVHW,,T,5,M,,N,,K*60
30.293 $IIHDG,5,,,,*52
30.295 $IIHDM,5,M*39
31.532 $IIXDR,U,12.459,V,BatWiFi*1E
32.791 $IIVHW,,T,5,M,,N,,K*60
32.793 $IIHDG,5,,,,*52
32.794 $IIHDM,5,M*39
35.292 $IIVHW,,T,5,M,,N,,K*60
35.293 $IIHDG,5,,,,*52
35.294 $IIHDM,5,M*39
37.088 $PNKEP,04,0,0,0,0*68
37.793 $IIVHW,,T,5,M,,N,,K*60
37.794 $IIHDG,5,,,,*52
37.795 $IIHDM,5,M*39
40.293 $IIVHW,,T,5,M,,N,,K*60
40.294 $IIHDG,5,,,,*52
40.295 $IIHDM,5,M*39
42.792 $IIVHW,,T,5,M,,N,,K*60
42.793 $IIHDG,5,,,,*52
42.795 $IIHDM,5,M*39
44.586 $PNKEP,04,0,0,0,0*68
45.292 $IIVHW,,T,5,M,,N,,K*60
45.294 $IIHDG,5,,,,*52
45.295 $IIHDM,5,M*39
47.791 $IIVHW,,T,5,M,,N,,K*60
47.793 $IIHDG,5,,,,*52
47.794 $IIHDM,5,M*39
50.291 $IIVHW,,T,5,M,,N,,K*60
50.293 $IIHDG,5,,,,*52
50.294 $IIHDM,5,M*39
51.838 $PNKEP,04,0,0,0,0*68
52.793 $IIVHW,,T,5,M,,N,,K*60
52.794 $IIHDG,5,,,,*52
52.795 $IIHDM,5,M*39
55.292 $IIVHW,,T,5,M,,N,,K*60
55.294 $IIHDG,5,,,,*52
55.295 $IIHDM,5,M*39
57.791 $IIVHW,,T,5,M,,N,,K*60
57.793 $IIHDG,5,,,,*52
57.794 $IIHDM,5,M*39
59.088 $PNKEP,04,0,0,0,0*68
60.292 $IIVHW,,T,5,M,,N,,K*60
60.293 $IIHDG,5,,,,*52
60.294 $IIHDM,5,M*39
60.533 $PNKEV,Box WiFi nke 3,V2.1,Aug 23 2017,17:04:14,00.1E.C0.39.41.44,V1.0*04
61.532 $IIXDR,U,12.456,V,BatWiFi*11
62.791 $IIHDG,5,,,,*52
62.792 $IIHDM,5,M*39
65.291 $IIVHW,,T,5,M,,N,,K*60
65.293 $IIHDG,5,,,,*52
65.295 $IIHDM,5,M*39
66.586 $PNKEP,04,0,0,0,0*68
67.792 $IIVHW,,T,5,M,,N,,K*60
67.794 $IIHDG,5,,,,*52
67.795 $IIHDM,5,M*39
70.292 $IIVHW,,T,5,M,,N,,K*60
70.294 $IIHDG,5,,,,*52
70.295 $IIHDM,5,M*39
72.792 $IIVHW,,T,5,M,,N,,K*60
72.793 $IIHDG,5,,,,*52
72.794 $IIHDM,5,M*39
73.836 $PNKEP,04,0,0,0,0*68
75.291 $IIVHW,,T,5,M,,N,,K*60
75.293 $IIHDG,5,,,,*52
75.294 $IIHDM,5,M*39
77.793 $IIVHW,,T,5,M,,N,,K*60
77.794 $IIHDG,5,,,,*52
77.796 $IIHDM,5,M*39
80.293 $IIVHW,,T,5,M,,N,,K*60
80.294 $IIHDG,5,,,,*52
80.295 $IIHDM,5,M*39
81.089 $PNKEP,04,0,0,0,0*68
82.791 $IIVHW,,T,5,M,,N,,K*60
82.793 $IIHDG,5,,,,*52
82.794 $IIHDM,5,M*39
85.291 $IIHDG,5,,,,*52
85.292 $IIHDM,5,M*39
87.791 $IIHDG,5,,,,*52
87.792 $IIHDM,5,M*39
88.586 $PNKEP,04,0,0,0,0*68
90.293 $IIVHW,,T,5,M,,N,,K*60
90.294 $IIHDG,5,,,,*52
90.295 $IIHDM,5,M*39
91.532 $IIXDR,U,12.458,V,BatWiFi*1F
92.791 $IIHDG,5,,,,*52
92.792 $IIHDM,5,M*39
95.291 $IIVHW,,T,5,M,,N,,K*60
95.293 $IIHDG,5,,,,*52
95.294 $IIHDM,5,M*39
95.838 $PNKEP,04,0,0,0,0*68
97.791 $IIHDG,5,,,,*52
97.803 $IIHDM,5,M*39
100.292 $IIVHW,,T,5,M,,N,,K*60
100.294 $IIHDG,5,,,,*52
100.295 $IIHDM,5,M*39
102.791 $IIVHW,,T,5,M,,N,,K*60
102.793 $IIHDG,5,,,,*52
102.794 $IIHDM,5,M*39
103.336 $PNKEP,04,0,0,0,0*68
105.292 $IIVHW,,T,5,M,,N,,K*60
105.294 $IIHDG,5,,,,*52
105.295 $IIHDM,5,M*39
107.791 $IIHDG,5,,,,*52
107.792 $IIHDM,5,M*39
110.292 $IIVHW,,T,5,M,,N,,K*60
110.294 $IIHDG,5,,,,*52
110.295 $IIHDM,5,M*39
110.588 $PNKEP,04,0,0,0,0*68
112.793 $IIVHW,,T,5,M,,N,,K*60
112.794 $IIHDG,5,,,,*52
112.806 $IIHDM,5,M*39
115.291 $IIHDG,5,,,,*52
115.292 $IIHDM,5,M*39
117.791 $IIVHW,,T,5,M,,N,,K*60
117.793 $IIHDG,5,,,,*52
117.794 $IIHDM,5,M*39
117.840 $PNKEP,04,0,0,0,0*68
120.291 $IIHDG,5,,,,*52
120.292 $IIHDM,5,M*39
121.545 $IIXDR,U,12.459,V,BatWiFi*1E
122.792 $IIVHW,,T,5,M,,N,,K*60
122.793 $IIHDG,5,,,,*52
122.794 $IIHDM,5,M*39
125.291 $IIHDG,5,,,,*52
125.292 $IIHDM,5,M*39
125.335 $PNKEP,04,0,0,0,0*68
127.791 $IIVHW,,T,5,M,,N,,K*60
127.793 $IIHDG,5,,,,*52
127.794 $IIHDM,5,M*39
130.291 $IIHDG,5,,,,*52
130.302 $IIHDM,5,M*39
132.587 $PNKEP,04,0,0,0,0*68
132.791 $IIVHW,,T,5,M,,N,,K*60
132.793 $IIHDG,5,,,,*52
132.794 $IIHDM,5,M*39
135.292 $IIVHW,,T,5,M,,N,,K*60
135.293 $IIHDG,5,,,,*52
135.295 $IIHDM,5,M*39
137.792 $IIVHW,,T,5,M,,N,,K*60
137.793 $IIHDG,5,,,,*52
137.795 $IIHDM,5,M*39
139.839 $PNKEP,04,0,0,0,0*68
140.291 $IIHDG,5,,,,*52
140.292 $IIHDM,5,M*39
142.792 $IIVHW,,T,5,M,,N,,K*60
142.793 $IIHDG,5,,,,*52
142.795 $IIHDM,5,M*39
145.291 $IIHDG,5,,,,*52
145.292 $IIHDM,5,M*39
147.336 $PNKEP,04,0,0,0,0*68
147.793 $IIVHW,,T,5,M,,N,,K*60
147.794 $IIHDG,5,,,,*52
147.796 $IIHDM,5,M*39
150.292 $IIVHW,,T,5,M,,N,,K*60
150.294 $IIHDG,5,,,,*52
150.295 $IIHDM,5,M*39
151.552 $IIXDR,U,12.460,V,BatWiFi*14
152.793 $IIVHW,,T,5,M,,N,,K*60
152.794 $IIHDG,5,,,,*52
152.796 $IIHDM,5,M*39
154.587 $PNKEP,04,0,0,0,0*68
155.292 $IIVHW,,T,5,M,,N,,K*60
155.294 $IIHDG,5,,,,*52
155.295 $IIHDM,5,M*39
157.792 $IIVHW,,T,5,M,,N,,K*60
157.794 $IIHDG,5,,,,*52
157.795 $IIHDM,5,M*39
160.292 $IIVHW,,T,5,M,,N,,K*60
160.303 $IIHDG,5,,,,*52
160.304 $IIHDM,5,M*39
161.840 $PNKEP,04,0,0,0,0*68
162.791 $IIVHW,,T,5,M,,N,,K*60
162.793 $IIHDG,5,,,,*52
162.794 $IIHDM,5,M*39
165.291 $IIHDG,5,,,,*52
165.292 $IIHDM,5,M*39
167.791 $IIVHW,,T,5,M,,N,,K*60
167.793 $IIHDG,5,,,,*52
167.794 $IIHDM,5,M*39
169.336 $PNKEP,04,0,0,0,0*68
170.291 $IIHDG,5,,,,*52
170.292 $IIHDM,5,M*39
172.791 $IIVHW,,T,5,M,,N,,K*60
172.793 $IIHDG,5,,,,*52
172.794 $IIHDM,5,M*39
175.292 $IIVHW,,T,5,M,,N,,K*60
175.293 $IIHDG,5,,,,*52
175.306 $IIHDM,5,M*39
176.587 $PNKEP,04,0,0,0,0*68
177.792 $IIVHW,,T,5,M,,N,,K*60
177.793 $IIHDG,5,,,,*52
177.794 $IIHDM,5,M*39
180.292 $IIVHW,,T,5,M,,N,,K*60
180.294 $IIHDG,5,,,,*52
180.295 $IIHDM,5,M*39
181.542 $IIXDR,U,12.455,V,BatWiFi*12
182.792 $IIVHW,,T,5,M,,N,,K*60
182.794 $IIHDG,5,,,,*52
182.795 $IIHDM,5,M*39
183.838 $PNKEP,04,0,0,0,0*68
185.292 $IIVHW,,T,5,M,,N,,K*60
185.294 $IIHDG,5,,,,*52
185.295 $IIHDM,5,M*39
187.791 $IIVHW,,T,5,M,,N,,K*60
187.793 $IIHDG,5,,,,*52
187.803 $IIHDM,5,M*39
190.292 $IIVHW,,T,5,M,,N,,K*60
190.294 $IIHDG,5,,,,*52
190.295 $IIHDM,5,M*39
191.335 $PNKEP,04,0,0,0,0*68
192.792 $IIVHW,,T,5,M,,N,,K*60
192.794 $IIHDG,5,,,,*52
192.795 $IIHDM,5,M*39
195.292 $IIVHW,,T,5,M,,N,,K*60
195.293 $IIHDG,5,,,,*52
195.295 $IIHDM,5,M*39
197.791 $IIHDG,5,,,,*52
197.792 $IIHDM,5,M*39
198.586 $PNKEP,04,0,0,0,0*68
200.291 $IIVHW,,T,5,M,,N,,K*60
200.293 $IIHDG,5,,,,*52
200.294 $IIHDM,5,M*39
202.793 $IIVHW,,T,5,M,,N,,K*60
202.794 $IIHDG,5,,,,*52
202.806 $IIHDM,5,M*39
205.292 $IIVHW,,T,5,M,,N,,K*60
205.293 $IIHDG,5,,,,*52
205.295 $IIHDM,5,M*39
205.838 $PNKEP,04,0,0,0,0*68
207.791 $IIHDG,5,,,,*52
207.792 $IIHDM,5,M*39
210.291 $IIVHW,,T,5,M,,N,,K*60
210.293 $IIHDG,5,,,,*52
210.294 $IIHDM,5,M*39
211.542 $IIXDR,U,12.457,V,BatWiFi*10
212.791 $IIVHW,,T,5,M,,N,,K*60
212.793 $IIHDG,5,,,,*52
212.794 $IIHDM,5,M*39
213.335 $PNKEP,04,0,0,0,0*68
215.291 $IIVHW,,T,5,M,,N,,K*60
215.293 $IIHDG,5,,,,*52
215.294 $IIHDM,5,M*39
217.792 $IIVHW,,T,5,M,,N,,K*60
217.803 $IIHDG,5,,,,*52
217.804 $IIHDM,5,M*39
220.292 $IIVHW,,T,5,M,,N,,K*60
220.294 $IIHDG,5,,,,*52
220.295 $IIHDM,5,M*39
220.587 $PNKEP,04,0,0,0,0*68
222.792 $IIVHW,,T,5,M,,N,,K*60
222.793 $IIHDG,5,,,,*52
222.795 $IIHDM,5,M*39
225.292 $IIVHW,,T,5,M,,N,,K*60
225.294 $IIHDG,5,,,,*52
225.295 $IIHDM,5,M*39
227.791 $IIVHW,,T,5,M,,N,,K*60
227.793 $IIHDG,5,,,,*52
227.794 $IIHDM,5,M*39
227.837 $PNKEP,04,0,0,0,0*68
230.293 $IIVHW,,T,5,M,,N,,K*60
230.294 $IIHDG,5,,,,*52
230.295 $IIHDM,5,M*39
232.791 $IIHDG,5,,,,*52
232.792 $IIHDM,5,M*39
235.090 $PNKEP,04,0,0,0,0*68
235.292 $IIVHW,,T,5,M,,N,,K*60
235.294 $IIHDG,5,,,,*52
235.295 $IIHDM,5,M*39
237.792 $IIVHW,,T,5,M,,N,,K*60
237.793 $IIHDG,5,,,,*52
237.794 $IIHDM,5,M*39
240.292 $IIVHW,,T,5,M,,N,,K*60
240.294 $IIHDG,5,,,,*52
240.295 $IIHDM,5,M*39
241.543 $IIXDR,U,12.463,V,BatWiFi*17
242.586 $PNKEP,04,0,0,0,0*68
242.791 $IIVHW,,T,5,M,,N,,K*60
242.793 $IIHDG,5,,,,*52
242.795 $IIHDM,5,M*39
245.292 $IIVHW,,T,5,M,,N,,K*60
245.294 $IIHDG,5,,,,*52
245.304 $IIHDM,5,M*39
247.792 $IIVHW,,T,5,M,,N,,K*60
247.793 $IIHDG,5,,,,*52
247.795 $IIHDM,5,M*39
249.837 $PNKEP,04,0,0,0,0*68
250.292 $IIVHW,,T,5,M,,N,,K*60
250.294 $IIHDG,5,,,,*52
250.295 $IIHDM,5,M*39
252.793 $IIVHW,,T,5,M,,N,,K*60
252.794 $IIHDG,5,,,,*52
252.795 $IIHDM,5,M*39
255.292 $IIVHW,,T,5,M,,N,,K*60
255.293 $IIHDG,5,,,,*52
255.294 $IIHDM,5,M*39
257.089 $PNKEP,04,0,0,0,0*68
257.792 $IIVHW,,T,5,M,,N,,K*60
257.793 $IIHDG,5,,,,*52
257.794 $IIHDM,5,M*39
260.293 $IIVHW,,T,5,M,,N,,K*60
260.305 $IIHDG,5,,,,*52
260.306 $IIHDM,5,M*39
262.792 $IIVHW,,T,5,M,,N,,K*60
262.794 $IIHDG,5,,,,*52
262.795 $IIHDM,5,M*39
264.586 $PNKEP,04,0,0,0,0*68
265.291 $IIHDG,5,,,,*52
265.292 $IIHDM,5,M*39
267.791 $IIVHW,,T,5,M,,N,,K*60
267.793 $IIHDG,5,,,,*52
267.794 $IIHDM,5,M*39
270.291 $IIHDG,5,,,,*52
270.292 $IIHDM,5,M*39
271.541 $IIXDR,U,12.455,V,BatWiFi*12
271.838 $PNKEP,04,0,0,0,0*68
272.791 $IIVHW,,T,5,M,,N,,K*60
272.793 $IIHDG,5,,,,*52
272.794 $IIHDM,5,M*39
275.291 $IIVHW,,T,5,M,,N,,K*60
275.304 $IIHDG,5,,,,*52
275.305 $IIHDM,5,M*39
277.792 $IIVHW,,T,5,M,,N,,K*60
277.794 $IIHDG,5,,,,*52
277.795 $IIHDM,5,M*39
279.089 $PNKEP,04,0,0,0,0*68
280.292 $IIVHW,,T,5,M,,N,,K*60
280.293 $IIHDG,5,,,,*52
280.294 $IIHDM,5,M*39
282.792 $IIVHW,,T,5,M,,N,,K*60
282.793 $IIHDG,5,,,,*52
282.794 $IIHDM,5,M*39
285.293 $IIVHW,,T,5,M,,N,,K*60
285.294 $IIHDG,5,,,,*52
285.296 $IIHDM,5,M*39
286.586 $PNKEP,04,0,0,0,0*68
287.792 $IIVHW,,T,5,M,,N,,K*60
287.794 $IIHDG,5,,,,*52
287.795 $IIHDM,5,M*39
290.292 $IIVHW,,T,5,M,,N,,K*60
290.294 $IIHDG,5,,,,*52
290.295 $IIHDM,5,M*39
292.792 $IIVHW,,T,5,M,,N,,K*60
292.794 $IIHDG,5,,,,*52
292.795 $IIHDM,5,M*39
293.837 $PNKEP,04,0,0,0,0*68
295.291 $IIVHW,,T,5,M,,N,,K*60
295.293 $IIHDG,5,,,,*52
295.294 $IIHDM,5,M*39
297.791 $IIVHW,,T,5,M,,N,,K*60
297.793 $IIHDG,5,,,,*52
297.794 $IIHDM,5,M*39
300.293 $IIVHW,,T,5,M,,N,,K*60
300.294 $IIHDG,5,,,,*52
300.295 $IIHDM,5,M*39
301.087 $PNKEP,04,0,0,0,0*68
301.563 $IIXDR,U,12.461,V,BatWiFi*15
302.791 $IIVHW,,T,5,M,,N,,K*60
302.793 $IIHDG,5,,,,*52
302.794 $IIHDM,5,M*39
305.291 $IIHDG,5,,,,*52
305.292 $IIHDM,5,M*39
307.791 $IIHDG,5,,,,*52
307.792 $IIHDM,5,M*39
308.340 $PNKEP,04,0,0,0,0*68
310.293 $IIVHW,,T,5,M,,N,,K*60
310.294 $IIHDG,5,,,,*52
310.295 $IIHDM,5,M*39
312.792 $IIVHW,,T,5,M,,N,,K*60
312.794 $IIHDG,5,,,,*52
312.795 $IIHDM,5,M*39
315.291 $IIHDM,5,M*39
315.837 $PNKEP,04,0,0,0,0*68
317.791 $IIVHW,,T,5,M,,N,,K*60
317.793 $IIHDG,5,,,,*52
317.794 $IIHDM,5,M*39
320.292 $IIVHW,,T,5,M,,N,,K*60
320.304 $IIHDG,5,,,,*52
320.305 $IIHDM,5,M*39
322.792 $IIVHW,,T,5,M,,N,,K*60
322.793 $IIHDG,5,,,,*52
322.794 $IIHDM,5,M*39
323.089 $PNKEP,04,0,0,0,0*68
325.292 $IIVHW,,T,5,M,,N,,K*60
325.293 $IIHDG,5,,,,*52
325.295 $IIHDM,5,M*39
327.793 $IIVHW,,T,5,M,,N,,K*60
327.794 $IIHDG,5,,,,*52
327.795 $IIHDM,5,M*39
330.293 $IIVHW,,T,5,M,,N,,K*60
330.294 $IIHDG,5,,,,*52
330.295 $IIHDM,5,M*39
330.585 $PNKEP,04,0,0,0,0*68
331.562 $IIXDR,U,12.459,V,BatWiFi*1E
332.792 $IIVHW,,T,5,M,,N,,K*60
332.803 $IIHDG,5,,,,*52
332.804 $IIHDM,5,M*39
335.292 $IIVHW,,T,5,M,,N,,K*60
335.294 $IIHDG,5,,,,*52
335.295 $IIHDM,5,M*39
337.792 $IIVHW,,T,5,M,,N,,K*60
337.793 $IIHDG,5,,,,*52
337.795 $IIHDM,5,M*39
337.838 $PNKEP,04,0,0,0,0*68
340.293 $IIVHW,,T,5,M,,N,,K*60
340.294 $IIHDG,5,,,,*52
340.295 $IIHDM,5,M*39
342.792 $IIVHW,,T,5,M,,N,,K*60
342.794 $IIHDG,5,,,,*52
342.795 $IIHDM,5,M*39
345.088 $PNKEP,04,0,0,0,0*68
345.291 $IIHDM,5,M*39
347.791 $IIHDG,5,,,,*52
347.792 $IIHDM,5,M*39
350.291 $IIVHW,,T,5,M,,N,,K*60
350.303 $IIHDG,5,,,,*52
350.304 $IIHDM,5,M*39
352.586 $PNKEP,04,0,0,0,0*68
352.792 $IIVHW,,T,5,M,,N,,K*60
352.793 $IIHDG,5,,,,*52
352.795 $IIHDM,5,M*39
355.293 $IIVHW,,T,5,M,,N,,K*60
355.294 $IIHDG,5,,,,*52
355.295 $IIHDM,5,M*39
357.792 $IIVHW,,T,5,M,,N,,K*60
357.794 $IIHDG,5,,,,*52
357.795 $IIHDM,5,M*39
359.837 $PNKEP,04,0,0,0,0*68
360.292 $IIVHW,,T,5,M,,N,,K*60
360.293 $IIHDG,5,,,,*52
360.295 $IIHDM,5,M*39
361.565 $IIXDR,U,12.460,V,BatWiFi*14
362.792 $IIVHW,,T,5,M,,N,,K*60
362.803 $IIHDG,5,,,,*52
362.804 $IIHDM,5,M*39
365.292 $IIVHW,,T,5,M,,N,,K*60
365.293 $IIHDG,5,,,,*52
365.295 $IIHDM,5,M*39
367.088 $PNKEP,04,0,0,0,0*68
367.791 $IIHDG,5,,,,*52
367.792 $IIHDM,5,M*39
370.291 $IIVHW,,T,5,M,,N,,K*60
370.293 $IIHDG,5,,,,*52
370.294 $IIHDM,5,M*39
372.791 $IIHDG,5,,,,*52
372.792 $IIHDM,5,M*39
374.585 $PNKEP,04,0,0,0,0*68
375.292 $IIVHW,,T,5,M,,N,,K*60
375.294 $IIHDG,5,,,,*52
375.295 $IIHDM,5,M*39
377.792 $IIVHW,,T,5,M,,N,,K*60
377.794 $IIHDG,5,,,,*52
377.805 $IIHDM,5,M*39
380.292 $IIVHW,,T,5,M,,N,,K*60
380.294 $IIHDG,5,,,,*52
380.295 $IIHDM,5,M*39
381.837 $PNKEP,04,0,0,0,0*68
382.791 $IIVHW,,T,5,M,,N,,K*60
382.793 $IIHDG,5,,,,*52
382.794 $IIHDM,5,M*39
385.291 $IIVHW,,T,5,M,,N,,K*60
385.293 $IIHDG,5,,,,*52
385.294 $IIHDM,5,M*39
387.792 $IIVHW,,T,5,M,,N,,K*60
387.793 $IIHDG,5,,,,*52
387.795 $IIHDM,5,M*39
389.087 $PNKEP,04,0,0,0,0*68
390.292 $IIVHW,,T,5,M,,N,,K*60
390.294 $IIHDG,5,,,,*52
390.295 $IIHDM,5,M*39
391.564 $IIXDR,U,12.459,V,BatWiFi*1E
392.792 $IIVHW,,T,5,M,,N,,K*60
392.794 $IIHDG,5,,,,*52
392.795 $IIHDM,5,M*39
395.292 $IIVHW,,T,5,M,,N,,K*60
395.293 $IIHDG,5,,,,*52
395.295 $IIHDM,5,M*39
396.340 $PNKEP,04,0,0,0,0*68
397.792 $IIVHW,,T,5,M,,N,,K*60
397.793 $IIHDG,5,,,,*52
397.794 $IIHDM,5,M*39
400.291 $IIHDG,5,,,,*52
400.292 $IIHDM,5,M*39
402.791 $IIVHW,,T,5,M,,N,,K*60
402.793 $IIHDG,5,,,,*52
402.795 $IIHDM,5,M*39
403.836 $PNKEP,04,0,0,0,0*68
405.292 $IIVHW,,T,5,M,,N,,K*60
405.294 $IIHDG,5,,,,*52
405.295 $IIHDM,5,M*39
407.793 $IIVHW,,T,5,M,,N,,K*60
407.794 $IIHDG,5,,,,*52
407.795 $IIHDM,5,M*39
410.292 $IIVHW,,T,5,M,,N,,K*60
410.294 $IIHDG,5,,,,*52
410.295 $IIHDM,5,M*39
411.087 $PNKEP,04,0,0,0,0*68
412.792 $IIVHW,,T,5,M,,N,,K*60
412.794 $IIHDG,5,,,,*52
412.795 $IIHDM,5,M*39
415.291 $IIHDG,5,,,,*52
415.292 $IIHDM,5,M*39
417.791 $IIVHW,,T,5,M,,N,,K*60
417.793 $IIHDG,5,,,,*52
417.794 $IIHDM,5,M*39
418.338 $PNKEP,04,0,0,0,0*68
420.292 $IIVHW,,T,5,M,,N,,K*60
420.294 $IIHDG,5,,,,*52
420.295 $IIHDM,5,M*39
421.562 $IIXDR,U,12.462,V,BatWiFi*16
422.793 $IIVHW,,T,5,M,,N,,K*60
422.794 $IIHDG,5,,,,*52
422.795 $IIHDM,5,M*39
425.292 $IIVHW,,T,5,M,,N,,K*60
425.293 $IIHDG,5,,,,*52
425.295 $IIHDM,5,M*39
425.589 $PNKEP,04,0,0,0,0*68
427.791 $IIVHW,,T,5,M,,N,,K*60
427.793 $IIHDG,5,,,,*52
427.794 $IIHDM,5,M*39
430.293 $IIVHW,,T,5,M,,N,,K*60
430.294 $IIHDG,5,,,,*52
430.295 $IIHDM,5,M*39
432.793 $IIVHW,,T,5,M,,N,,K*60
432.794 $IIHDG,5,,,,*52
432.795 $IIHDM,5,M*39
433.085 $PNKEP,04,0,0,0,0*68
435.292 $IIVHW,,T,5,M,,N,,K*60
435.317 $IIHDG,5