
==> Box WiFi V2.1  Start logging
 0.414 $PNKEV,Box WiFi nke 3,V2.1,Aug 23 2017,17:04:14,00.1E.C0.39.41.44,V1.0*04
 0.709 $IIVHW,,T,5,M,,N,,K*60
 0.711 $IIHDG,5,,,,*52
 0.712 $IIHDM,5,M*39
 1.412 $IIXDR,U,12.443,V,BatWiFi*15
 2.898 $IIHDG,8,,,,*5F
 2.899 $IIHDM,8,M*34
 5.292 $IIVHW,,T,8,M,,N,,K*6D
 5.294 $IIHDG,8,,,,*5F
 5.295 $IIHDM,8,M*34
 7.792 $IIVHW,,T,8,M,,N,,K*6D
 7.794 $IIHDG,8,,,,*5F
 7.795 $IIHDM,8,M*34
10.292 $IIVHW,,T,8,M,,N,,K*6D
10.294 $IIHDG,8,,,,*5F
10.295 $IIHDM,8,M*34
12.791 $IIHDM,8,M*34
15.291 $IIVHW,,T,8,M,,N,,K*6D
15.293 $IIHDG,8,,,,*5F
15.294 $IIHDM,8,M*34
17.792 $IIVHW,,T,8,M,,N,,K*6D
17.793 $IIHDG,8,,,,*5F
17.795 $IIHDM,8,M*34
19.069 $IIHDG,7,,,,*50
19.070 $IIHDM,7,M*3B
20.704 $IIHDG,8,,,,*5F
20.705 $IIHDM,8,M*34
23.041 $IIHDG,8,,,,*5F
23.042 $IIHDM,8,M*34
24.013 $IIVHW,,T,7,M,,N,,K*62
24.014 $IIHDG,7,,,,*50
24.016 $IIHDM,7,M*3B
26.292 $IIVHW,,T,7,M,,N,,K*62
26.294 $IIHDG,7,,,,*50
26.295 $IIHDM,7,M*3B
28.792 $IIVHW,,T,7,M,,N,,K*62
28.794 $IIHDG,7,,,,*50
28.806 $IIHDM,7,M*3B
31.293 $IIVHW,,T,7,M,,N,,K*62
31.294 $IIHDG,7,,,,*50
31.295 $IIHDM,7,M*3B
31.412 $IIXDR,U,12.450,V,BatWiFi*17
33.791 $IIHDG,7,,,,*50
33.792 $IIHDM,7,M*3B
36.292 $IIVHW,,T,7,M,,N,,K*62
36.294 $IIHDG,7,,,,*50
36.295 $IIHDM,7,M*3B
38.791 $IIHDG,7,,,,*50
38.792 $IIHDM,7,M*3B
41.292 $IIVHW,,T,7,M,,N,,K*62
41.294 $IIHDG,7,,,,*50
41.295 $IIHDM,7,M*3B
43.792 $IIVHW,,T,7,M,,N,,K*62
43.794 $IIHDG,7,,,,*50
43.795 $IIHDM,7,M*3B
46.291 $IIHDG,7,,,,*50
46.292 $IIHDM,7,M*3B
48.791 $IIVHW,,T,7,M,,N,,K*62
48.793 $IIHDG,7,,,,*50
48.794 $IIHDM,7,M*3B
51.292 $IIVHW,,T,7,M,,N,,K*62
51.293 $IIHDG,7,,,,*50
51.294 $IIHDM,7,M*3B
53.792 $IIVHW,,T,7,M,,N,,K*62
53.794 $IIHDG,7,,,,*50
53.795 $IIHDM,7,M*3B
56.292 $IIVHW,,T,7,M,,N,,K*62
56.294 $IIHDG,7,,,,*50
56.295 $IIHDM,7,M*3B
58.792 $IIVHW,,T,7,M,,N,,K*62
58.794 $IIHDG,7,,,,*50
58.795 $IIHDM,7,M*3B
60.413 $PNKEV,Box WiFi nke 3,V2.1,Aug 23 2017,17:04:14,00.1E.C0.39.41.44,V1.0*04
61.291 $IIHDG,7,,,,*50
61.292 $IIHDM,7,M*3B
61.412 $IIXDR,U,12.449,V,BatWiFi*1F
63.792 $IIVHW,,T,7,M,,N,,K*62
63.793 $IIHDG,7,,,,*50
63.794 $IIHDM,7,M*3B
66.292 $IIVHW,,T,7,M,,N,,K*62
66.293 $IIHDG,7,,,,*50
66.294 $IIHDM,7,M*3B
68.792 $IIVHW,,T,7,M,,N,,K*62
68.794 $IIHDG,7,,,,*50
68.795 $IIHDM,7,M*3B
71.292 $IIVHW,,T,7,M,,N,,K*62
71.294 $IIHDG,7,,,,*50
71.295 $IIHDM,7,M*3B
73.792 $IIVHW,,T,7,M,,N,,K*62
73.794 $IIHDG,7,,,,*50
73.795 $IIHDM,7,M*3B
76.292 $IIVHW,,T,7,M,,N,,K*62
76.294 $IIHDG,7,,,,*50
76.295 $IIHDM,7,M*3B
78.791 $IIHDM,7,M*3B
81.291 $IIVHW,,T,7,M,,N,,K*62
81.293 $IIHDG,7,,,,*50
81.294 $IIHDM,7,M*3B
83.792 $IIVHW,,T,7,M,,N,,K*62
83.793 $IIHDG,7,,,,*50
83.794 $IIHDM,7,M*3B
86.292 $IIVHW,,T,7,M,,N,,K*62
86.294 $IIHDG,7,,,,*50
86.295 $IIHDM,7,M*3B
88.792 $IIVHW,,T,7,M,,N,,K*62
88.794 $IIHDG,7,,,,*50
88.795 $IIHDM,7,M*3B
91.291 $IIHDM,7,M*3B
91.411 $IIXDR,U,12.457,V,BatWiFi*10
93.792 $IIVHW,,T,7,M,,N,,K*62
93.794 $IIHDG,7,,,,*50
93.795 $IIHDM,7,M*3B
96.292 $IIVHW,,T,7,M,,N,,K*62
96.294 $IIHDG,7,,,,*50
96.295 $IIHDM,7,M*3B
98.792 $IIVHW,,T,7,M,,N,,K*62
98.793 $IIHDG,7,,,,*50
98.795 $IIHDM,7,M*3B
101.292 $IIVHW,,T,7,M,,N,,K*62
101.294 $IIHDG,7,,,,*50
101.295 $IIHDM,7,M*3B
103.792 $IIVHW,,T,7,M,,N,,K*62
103.794 $IIHDG,7,,,,*50
103.795 $IIHDM,7,M*3B
106.292 $IIVHW,,T,7,M,,N,,K*62
106.294 $IIHDG,7,,,,*50
106.295 $IIHDM,7,M*3B
108.792 $IIVHW,,T,7,M,,N,,K*62
108.794 $IIHDG,7,,,,*50
108.795 $IIHDM,7,M*3B
111.292 $IIVHW,,T,7,M,,N,,K*62
111.294 $IIHDG,7,,,,*50
111.295 $IIHDM,7,M*3B
113.793 $IIVHW,,T,7,M,,N,,K*62
113.805 $IIHDG,7,,,,*50
113.806 $IIHDM,7,M*3B
116.292 $IIVHW,,T,7,M,,N,,K*62
116.294 $IIHDG,7,,,,*50
116.295 $IIHDM,7,M*3B
118.792 $IIVHW,,T,7,M,,N,,K*62
118.794 $IIHDG,7,,,,*50
118.795 $IIHDM,7,M*3B
121.291 $IIHDG,7,,,,*50
121.292 $IIHDM,7,M*3B
121.411 $IIXDR,U,12.453,V,BatWiFi*14
122.183 $PNKEP,04,0,0,0,0*68
123.791 $IIHDG,7,,,,*50
123.792 $IIHDM,7,M*3B
126.292 $IIVHW,,T,7,M,,N,,K*62
126.293 $IIHDG,7,,,,*50
126.294 $IIHDM,7,M*3B
128.793 $IIVHW,,T,7,M,,N,,K*62
128.794 $IIHDG,7,,,,*50
128.806 $IIHDM,7,M*3B
129.586 $PNKEP,04,0,0,0,0*68
131.292 $IIVHW,,T,7,M,,N,,K*62
131.294 $IIHDG,7,,,,*50
131.295 $IIHDM,7,M*3B
133.791 $IIVHW,,T,7,M,,N,,K*62
133.793 $IIHDG,7,,,,*50
133.794 $IIHDM,7,M*3B
136.292 $IIVHW,,T,7,M,,N,,K*62
136.293 $IIHDG,7,,,,*50
136.295 $IIHDM,7,M*3B
136.839 $PNKEP,04,0,0,0,0*68
138.792 $IIVHW,,T,7,M,,N,,K*62
138.794 $IIHDG,7,,,,*50
138.795 $IIHDM,7,M*3B
141.291 $IIVHW,,T,7,M,,N,,K*62
141.293 $IIHDG,7,,,,*50
141.294 $IIHDM,7,M*3B
143.792 $IIVHW,,T,7,M,,N,,K*62
143.804 $IIHDG,7,,,,*50
143.805 $IIHDM,7,M*3B
144.337 $PNKEP,04,0,0,0,0*68
146.292 $IIVHW,,T,7,M,,N,,K*62
146.294 $IIHDG,7,,,,*50
146.295 $IIHDM,7,M*3B
148.792 $IIVHW,,T,7,M,,N,,K*62
148.793 $IIHDG,7,,,,*50
148.795 $IIHDM,7,M*3B
151.293 $IIVHW,,T,7,M,,N,,K*62
151.294 $IIHDG,7,,,,*50
151.295 $IIHDM,7,M*3B
151.412 $IIXDR,U,12.452,V,BatWiFi*15
151.589 $PNKEP,04,0,0,0,0*68
153.791 $IIHDG,7,,,,*50
153.792 $IIHDM,7,M*3B
156.292 $IIVHW,,T,7,M,,N,,K*62
156.294 $IIHDG,7,,,,*50
156.295 $IIHDM,7,M*3B
158.791 $IIHDM,7,M