Terminal log file
Date: 09/03/2016 - 19:31:26
-----------------------------------------------
,26.4,C*05
$IIMWV,199,R,03.9,N,A*18
$IIVWR,161.,L,03.9,N,02.0,M,007.2,K*6C
$IIMTA,26.4,C*05
$IIMWV,199,R,03.9,N,A*18
$IIVWR,161.,L,03.9,N,02.0,M,007.2,K*6C
$IIMTA,26.4,C*05
$IIMWV,199,R,03.9,N,A*18
$IIVWR,161.,L,03.9,N,02.0,M,007.2,K*6C
$IIMTA,26.4,C*05
$IIMWV,199,R,04.1,N,A*17
$IIVWR,161.,L,04.1,N,02.1,M,007.6,K*66
$IIMTA,26.4,C*05
$IIMWV,199,R,04.1,N,A*17
$IIVWR,161.,L,04.1,N,02.1,M,007.6,K*66
$IIMTA,26.4,C*05
$IIMWV,199,R,04.1,N,A*17
$IIVWR,161.,L,04.1,N,02.1,M,007.6,K*66
$IIMTA,26.4,C*05
$IIMWV,199,R,04.1,N,A*17
$IIVWR,161.,L,04.1,N,02.1,M,007.6,K*66
$IIMTA,26.4,C*05
$IIMWV,199,R,04.1,N,A*17
$IIVWR,161.,L,04.1,N,02.1,M,007.6,K*66
$IIMTA,26.4,C*05
$IIMWV,199,R,04.1,N,A*17
$IIVWR,161.,L,04.1,N,02.1,M,007.6,K*66
$IIMTA,26.4,C*05
$IIMWV,199,R,04.1,N,A*17
$IIVWR,161.,L,04.1,N,02.1,M,007.6,K*66
$IIMTA,26.4,C*05
$IIMWV,199,R,04.1,N,A*17
$IIVWR,161.,L,04.1,N,02.1,M,007.6,K*66
$IIMTA,26.4,C*05
$IIMWV,199,R,04.1,N,A*17
$IIVWR,161.,L,04.1,N,02.1,M,007.6,K*66
$IIMTA,26.4,C*05
$IIMWV,199,R,04.1,N,A*17
$IIVWR,161.,L,04.1,N,02.1,M,007.6,K*66
$IIMTA,26.4,C*05
$IIMWV,199,R,04.3,N,A*15
$IIVWR,161.,L,04.3,N,02.2,M,008.0,K*6E
$IIMTA,26.4,C*05
$IIMWV,199,R,04.3,N,A*15
$IIVWR,161.,L,04.3,N,02.2,M,008.0,K*6E
$IIMTA,26.4,C*05
$IIMWV,199,R,04.3,N,A*15
$IIVWR,161.,L,04.3,N,02.2,M,008.0,K*6E
$IIMTA,26.4,C*05
$IIMWV,199,R,04.3,N,A*15
$IIVWR,161.,L,04.3,N,02.2,M,008.0,K*6E
$IIMTA,26.4,C*05
$IIMWV,199,R,04.3,N,A*15
$IIVWR,161.,L,04.3,N,02.2,M,008.0,K*6E
$IIMTA,26.4,C*05
$IIMWV,199,R,04.3,N,A*15
$IIVWR,161.,L,04.3,N,02.2,M,008.0,K*6E
$IIMTA,26.4,C*05
$IIMWV,199,R,04.3,N,A*15
$IIVWR,161.,L,04.3,N,02.2,M,008.0,K*6E
$IIMTA,26.4,C*05
$IIMWV,199,R,04.3,N,A*15
$IIVWR,161.,L,04.3,N,02.2,M,008.0,K*6E
$IIMTA,26.4,C*05
$IIMWV,199,R,04.3,N,A*15
$IIVWR,161.,L,04.3,N,02.2,M,008.0,K*6E
$IIMTA,26.4,C*05
$IIMWV,199,R,04.3,N,A*15
$IIVWR,161.,L,04.3,N,02.2,M,008.0,K*6E
$IIMTA,26.4,C*05
$IIMWV,199,R,04.5,N,A*13
$IIVWR,161.,L,04.5,N,02.3,M,008.3,K*6A
$IIMTA,26.4,C*05
$IIMWV,199,R,04.5,N,A*13
$IIVWR,161.,L,04.5,N,02.3,M,008.3,K*6A
$IIMTA,26.4,C*05
$IIMWV,199,R,04.5,N,A*13
$IIVWR,161.,L,04.5,N,02.3,M,008.3,K*6A
$IIMTA,26.4,C*05
$IIMWV,199,R,04.5,N,A*13
$IIVWR,161.,L,04.5,N,02.3,M,008.3,K*6A
$IIMTA,26.4,C*05
$IIMWV,199,R,04.6,N,A*10
$IIVWR,161.,L,04.6,N,02.4,M,008.5,K*68
$IIMTA,26.4,C*05
$IIMWV,199,R,04.6,N,A*10
$IIVWR,161.,L,04.6,N,02.4,M,008.5,K*68
$IIMTA,26.4,C*05
$IIMWV,199,R,04.6,N,A*10
$IIVWR,161.,L,04.6,N,02.4,M,008.5,K*68
$IIMTA,26.4,C*05
$IIMWV,199,R,04.7,N,A*11
$IIVWR,161.,L,04.7,N,02.4,M,008.7,K*6B
$IIMTA,26.4,C*05
$IIMWV,199,R,04.7,N,A*11
$IIVWR,161.,L,04.7,N,02.4,M,008.7,K*6B
$IIMTA,26.4,C*05
$IIMWV,199,R,04.7,N,A*11
$IIVWR,161.,L,04.7,N,02.4,M,008.7,K*6B
$IIMTA,26.4,C*05
$IIMWV,199,R,04.7,N,A*11
$IIVWR,161.,L,04.7,N,02.4,M,008.7,K*6B
$IIMTA,26.4,C*05
$IIMWV,199,R,04.7,N,A*11
$IIVWR,161.,L,04.7,N,02.4,M,008.7,K*6B
$IIMTA,26.4,C*05
$IIMWV,199,R,04.7,N,A*11
$IIVWR,161.,L,04.7,N,02.4,M,008.7,K*6B
$IIMTA,26.4,C*05
$IIMWV,199,R,04.7,N,A*11
$IIVWR,161.,L,04.7,N,02.4,M,008.7,K*6B
$IIMTA,26.4,C*05
$IIMWV,199,R,04.7,N,A*11
$IIVWR,161.,L,04.7,N,02.4,M,008.7,K*6B
$IIMTA,26.4,C*05
$IIMWV,199,R,04.8,N,A*1E
$IIVWR,161.,L,04.8,N,02.5,M,008.9,K*6B
$IIMTA,26.4,C*05
$IIMWV,199,R,04.8,N,A*1E
$IIVWR,161.,L,04.8,N,02.5,M,008.9,K*6B
$IIMTA,26.4,C*05
$IIMWV,199,R,04.9,N,A*1F
$IIVWR,161.,L,04.9,N,02.5,M,009.1,K*63
$IIMTA,26.4,C*05
$IIMWV,199,R,04.9,N,A*1F
$IIVWR,161.,L,04.9,N,02.5,M,009.1,K*63
$IIMTA,26.4,C*05
$IIMWV,199,R,04.9,N,A*1F
$IIVWR,161.,L,04.9,N,02.5,M,009.1,K*63
$IIMTA,26.4,C*05
$IIMWV,199,R,04.9,N,A*1F
$IIVWR,161.,L,04.9,N,02.5,M,009.1,K*63
$IIMTA,26.4,C*05
$IIMWV,199,R,04.9,N,A*1F
$IIVWR,161.,L,04.9,N,02.5,M,009.1,K*63
$IIMTA,26.4,C*05
$IIMWV,199,R,04.9,N,A*1F
$IIVWR,161.,L,04.9,N,02.5,M,009.1,K*63
$IIMTA,26.4,C*05
$IIMWV,199,R,04.9,N,A*1F
$IIVWR,161.,L,04.9,N,02.5,M,009.1,K*63
$IIMTA,26.4,C*05
$IIMWV,199,R,04.9,N,A*1F
$IIVWR,161.,L,04.9,N,02.5,M,009.1,K*63
$IIMTA,26.4,C*05
$IIMWV,199,R,05.0,N,A*17
$IIVWR,161.,L,05.0,N,02.6,M,009.3,K*6A
$IIMTA,26.4,C*05
$IIMWV,199,R,05.0,N,A*17
$IIVWR,161.,L,05.0,N,02.6,M,009.3,K*6A
$IIMTA,26.4,C*05
$IIMWV,199,R,05.0,N,A*17
$IIVWR,161.,L,05.0,N,02.6,M,009.3,K*6A
$IIMTA,26.4,C*05
$IIMWV,199,R,05.0,N,A*17
$IIVWR,161.,L,05.0,N,02.6,M,009.3,K*6A
$IIMTA,26.4,C*05
$IIMWV,199,R,05.0,N,A*17
$IIVWR,161.,L,05.0,N,02.6,M,009.3,K*6A
$IIMTA,26.4,C*05
$IIMWV,199,R,05.0,N,A*17
$IIVWR,161.,L,05.0,N,02.6,M,009.3,K*6A
$IIMTA,26.4,C*05
$IIMWV,199,R,05.1,N,A*16
$IIVWR,161.,L,05.1,N,02.6,M,009.4,K*6C
$IIMTA,26.4,C*05
$IIMWV,199,R,05.1,N,A*16
$IIVWR,161.,L,05.1,N,02.6,M,009.4,K*6C
$IIMTA,26.4,C*05
$IIMWV,199,R,05.1,N,A*16
$IIVWR,161.,L,05.1,N,02.6,M,009.4,K*6C
$IIMTA,26.4,C*05
$IIMWV,199,R,05.1,N,A*16
$IIVWR,161.,L,05.1,N,02.6,M,009.4,K*6C
$IIMTA,26.4,C*05
$IIMWV,199,R,05.4,N,A*13
$IIVWR,161.,L,05.4,N,02.8,M,010.0,K*6B
$IIMTA,26.4,C*05
$IIMWV,199,R,05.4,N,A*13
$IIVWR,161.,L,05.4,N,02.8,M,010.0,K*6B
$IIMTA,26.4,C*05
$IIMWV,199,R,05.4,N,A*13
$IIVWR,161.,L,05.4,N,02.8,M,010.0,K*6B
$IIMTA,26.4,C*05
$IIMWV,199,R,05.4,N,A*13
$IIVWR,161.,L,05.4,N,02.8,M,010.0,K*6B
$IIMTA,26.4,C*05
$IIMWV,199,R,05.4,N,A*13
$IIVWR,161.,L,05.4,N,02.8,M,010.0,K*6B
$IIMTA,26.4,C*05
$IIMWV,199,R,05.4,N,A*13
$IIVWR,161.,L,05.4,N,02.8,M,010.0,K*6B
$IIMTA,26.4,C*05
$IIMWV,199,R,05.5,N,A*12
$IIVWR,161.,L,05.5,N,02.8,M,010.2,K*68
$IIMTA,26.4,C*05
$IIMWV,199,R,05.5,N,A*12
$IIVWR,161.,L,05.5,N,02.8,M,010.2,K*68
$IIMTA,26.4,C*05
$IIMWV,199,R,05.5,N,A*12
$IIVWR,161.,L,05.5,N,02.8,M,010.2,K*68
$IIMTA,26.4,C*05
$IIMWV,199,R,05.5,N,A*12
$IIVWR,161.,L,05.5,N,02.8,M,010.2,K*68
$IIMTA,26.4,C*05
$IIMWV,198,R,05.6,N,A*10
$IIVWR,162.,L,05.6,N,02.9,M,010.4,K*6F
$IIMTA,26.4,C*05
$IIMWV,198,R,05.6,N,A*10
$IIVWR,162.,L,05.6,N,02.9,M,010.4,K*6F
$IIMTA,26.4,C*05
$IIMWV,198,R,05.6,N,A*10
$IIVWR,162.,L,05.6,N,02.9,M,010.4,K*6F
$IIMTA,26.4,C*05
$IIMWV,198,R,05.7,N,A*11
$IIVWR,162.,L,05.7,N,02.9,M,010.6,K*6C
$IIMTA,26.4,C*05
$IIMWV,198,R,05.7,N,A*11
$IIVWR,162.,L,05.7,N,02.9,M,010.6,K*6C
$IIMTA,26.4,C*05
$IIMWV,198,R,05.7,N,A*11
$IIVWR,162.,L,05.7,N,02.9,M,010.6,K*6C
$IIMTA,26.4,C*05
$IIMWV,198,R,05.7,N,A*11
$IIVWR,162.,L,05.7,N,02.9,M,010.6,K*6C
$IIMTA,26.4,C*05
$IIMWV,198,R,05.8,N,A*1E
$IIVWR,162.,L,05.8,N,03.0,M,010.7,K*6A
$IIMTA,26.4,C*05
$IIMWV,198,R,05.8,N,A*1E
$IIVWR,162.,L,05.8,N,03.0,M,010.7,K*6A
$IIMTA,26.4,C*05
$IIMWV,198,R,05.8,N,A*1E
$IIVWR,162.,L,05.8,N,03.0,M,010.7,K*6A
$IIMTA,26.4,C*05
$IIMWV,198,R,05.8,N,A*1E
$IIVWR,162.,L,05.8,N,03.0,M,010.7,K*6A
$IIMTA,26.4,C*05
$IIMWV,198,R,05.9,N,A*1F
$IIVWR,162.,L,05.9,N,03.0,M,010.9,K*65
$IIMTA,26.4,C*05
$IIMWV,198,R,05.9,N,A*1F
$IIVWR,162.,L,05.9,N,03.0,M,010.9,K*65
$IIMTA,26.4,C*05
$IIMWV,198,R,05.9,N,A*1F
$IIVWR,162.,L,05.9,N,03.0,M,010.9,K*65
$IIMTA,26.4,C*05
$IIMWV,198,R,05.9,N,A*1F
$IIVWR,162.,L,05.9,N,03.0,M,010.9,K*65
$IIMTA,26.4,C*05
$IIMWV,198,R,05.9,N,A*1F
$IIVWR,162.,L,05.9,N,03.0,M,010.9,K*65
$IIMTA,26.4,C*05
$IIMWV,198,R,05.9,N,A*1F
$IIVWR,162.,L,05.9,N,03.0,M,010.9,K*65
$IIMTA,26.4,C*05
$IIMWV,198,R,06.0,N,A*15
$IIVWR,162.,L,06.0,N,03.1,M,011.1,K*67
$IIMTA,26.4,C*05
$IIMWV,198,R,06.0,N,A*15
$IIVWR,162.,L,06.0,N,03.1,M,011.1,K*67
$IIMTA,26.4,C*05
$IIMWV,198,R,06.0,N,A*15
$IIVWR,162.,L,06.0,N,03.1,M,011.1,K*67
$IIMTA,26.4,C*05
$IIMWV,198,R,06.0,N,A*15
$IIVWR,162.,L,06.0,N,03.1,M,011.1,K*67
$IIMTA,26.4,C*05
$IIMWV,198,R,06.0,N,A*15
$IIVWR,162.,L,06.0,N,03.1,M,011.1,K*67
$IIMTA,26.4,C*05
$IIMWV,198,R,06.0,N,A*15
$IIVWR,162.,L,06.0,N,03.1,M,011.1,K*67
$IIMTA,26.4,C*05
$IIMWV,198,R,06.0,N,A*15
$IIVWR,162.,L,06.0,N,03.1,M,011.1,K*67
$IIMTA,26.4,C*05
$IIMWV,198,R,06.0,N,A*15
$IIVWR,162.,L,06.0,N,03.1,M,011.1,K*67
$IIMTA,26.4,C*05
$IIMWV,198,R,06.1,N,A*14
$IIVWR,162.,L,06.1,N,03.1,M,011.3,K*64
$IIMTA,26.4,C*05
$IIMWV,198,R,06.1,N,A*14
$IIVWR,162.,L,06.1,N,03.1,M,011.3,K*64
$IIMTA,26.4,C*05
$IIMWV,198,R,06.2,N,A*17
$IIVWR,162.,L,06.2,N,03.2,M,011.5,K*62
$IIMTA,26.4,C*05
$IIMWV,198,R,06.2,N,A*17
$IIVWR,162.,L,06.2,N,03.2,M,011.5,K*62
$IIMTA,26.4,C*05
$IIMWV,198,R,06.2,N,A*17
$IIVWR,162.,L,06.2,N,03.2,M,011.5,K*62
$IIMTA,26.4,C*05
$IIMWV,198,R,06.2,N,A*17
$IIVWR,162.,L,06.2,N,03.2,M,011.5,K*62
$IIMTA,26.4,C*05
$IIMWV,198,R,06.2,N,A*17
$IIVWR,162.,L,06.2,N,03.2,M,011.5,K*62
$IIMTA,26.4,C*05
$IIMWV,198,R,06.2,N,A*17
$IIVWR,162.,L,06.2,N,03.2,M,011.5,K*62
$IIMTA,26.4,C*05
$IIMWV,198,R,06.2,N,A*17
$IIVWR,162.,L,06.2,N,03.2,M,011.5,K*62
$IIMTA,26.4,C*05
$IIMWV,198,R,06.2,N,A*17
$IIVWR,162.,L,06.2,N,03.2,M,011.5,K*62
$IIMTA,26.5,C*04
$IIMWV,198,R,06.3,N,A*16
$IIVWR,162.,L,06.3,N,03.2,M,011.7,K*61
$IIMTA,26.5,C*04
$IIMWV,198,R,06.3,N,A*16
$IIVWR,162.,L,06.3,N,03.2,M,011.7,K*61
$IIMTA,26.5,C*04
$IIMWV,198,R,06.4,N,A*11
$IIVWR,162.,L,06.4,N,03.3,M,011.9,K*69
$IIMTA,26.5,C*04
$IIMWV,198,R,06.4,N,A*11
$IIVWR,162.,L,06.4,N,03.3,M,011.9,K*69
$IIMTA,26.5,C*04
$IIMWV,198,R,06.4,N,A*11
$IIVWR,162.,L,06.4,N,03.3,M,011.9,K*69
$IIMTA,26.5,C*04
$IIMWV,198,R,06.4,N,A*11
$IIVWR,162.,L,06.4,N,03.3,M,011.9,K*69
$IIMTA,26.5,C*04
$IIMWV,198,R,06.5,N,A*10
$IIVWR,162.,L,06.5,N,03.3,M,012.0,K*62
$IIMTA,26.5,C*04
$IIMWV,198,R,06.5,N,A*10
$IIVWR,162.,L,06.5,N,03.3,M,012.0,K*62
$IIMTA,26.5,C*04
$IIMWV,198,R,06.5,N,A*10
$IIVWR,162.,L,06.5,N,03.3,M,012.0,K*62
$IIMTA,26.5,C*04
$IIMWV,198,R,06.5,N,A*10
$IIVWR,162.,L,06.5,N,03.3,M,012.0,K*62
$IIMTA,26.5,C*04
$IIMWV,198,R,06.6,N,A*13
$IIVWR,162.,L,06.6,N,03.4,M,012.2,K*64
$IIMTA,26.5,C*04
$IIMWV,198,R,06.6,N,A*13
$IIVWR,162.,L,06.6,N,03.4,M,012.2,K*64
$IIMTA,26.5,C*04
$IIMWV,198,R,06.6,N,A*13
$IIVWR,162.,L,06.6,N,03.4,M,012.2,K*64
$IIMTA,26.5,C*04
$IIMWV,198,R,06.8,N,A*1D
$IIVWR,162.,L,06.8,N,03.5,M,012.6,K*6F
$IIMTA,26.5,C*04
$IIMWV,198,R,06.8,N,A*1D
$IIVWR,162.,L,06.8,N,03.5,M,012.6,K*6F
$IIMTA,26.5,C*04
$IIMWV,198,R,06.8,N,A*1D
$IIVWR,162.,L,06.8,N,03.5,M,012.6,K*6F
$IIMTA,26.5,C*04
$IIMWV,198,R,06.8,N,A*1D
$IIVWR,162.,L,06.8,N,03.5,M,012.6,K*6F
$IIMTA,26.5,C*04
$IIMWV,198,R,06.7,N,A*12
$IIVWR,162.,L,06.7,N,03.4,M,012.4,K*63
$IIMTA,26.5,C*04
$IIMWV,198,R,06.7,N,A*12
$IIVWR,162.,L,06.7,N,03.4,M,012.4,K*63
$IIMTA,26.5,C*04
$IIMWV,198,R,06.7,N,A*12
$IIVWR,162.,L,06.7,N,03.4,M,012.4,K*63
$IIMTA,26.5,C*04
$IIMWV,198,R,06.7,N,A*12
$IIVWR,162.,L,06.7,N,03.4,M,012.4,K*63
$IIMTA,26.5,C*04
$IIMWV,198,R,06.7,N,A*12
$IIVWR,162.,L,06.7,N,03.4,M,012.4,K*63
$IIMTA,26.5,C*04
$IIMWV,198,R,06.7,N,A*12
$IIVWR,162.,L,06.7,N,03.4,M,012.4,K*63
$IIMTA,26.5,C*04
$IIMWV,198,R,06.8,N,A*1D
$IIVWR,162.,L,06.8,N,03.5,M,012.6,K*6F
$IIMTA,26.5,C*04
$IIMWV,198,R,06.8,N,A*1D
$IIVWR,162.,L,06.8,N,03.5,M,012.6,K*6F
$IIMTA,26.5,C*04
$IIMWV,198,R,06.8,N,A*1D
$IIVWR,162.,L,06.8,N,03.5,M,012.6,K*6F
$IIMTA,26.5,C*04
$IIMWV,198,R,06.8,N,A*1D
$IIVWR,162.,L,06.8,N,03.5,M,012.6,K*6F
$IIMTA,26.5,C*04
$IIMWV,198,R,06.8,N,A*1D
$IIVWR,162.,L,06.8,N,03.5,M,012.6,K*6F
$IIMTA,26.5,C*04
$IIMWV,198,R,06.8,N,A*1D
$IIVWR,162.,L,06.8,N,03.5,M,012.6,K*6F
$IIMTA,26.5,C*04
$IIMWV,198,R,06.8,N,A*1D
$IIVWR,162.,L,06.8,N,03.5,M,012.6,K*6F
$IIMTA,26.5,C*04
$IIMWV,198,R,06.8,N,A*1D
$IIVWR,162.,L,06.8,N,03.5,M,012.6,K*6F
$IIMTA,26.5,C*04
$IIMWV,198,R,06.7,N,A*12
$IIVWR,162.,L,06.7,N,03.4,M,012.4,K*63
$IIMTA,26.5,C*04
$IIMWV,198,R,06.7,N,A*12
$IIVWR,162.,L,06.7,N,03.4,M,012.4,K*63
$IIMTA,26.5,C*04
$IIMWV,198,R,06.7,N,A*12
$IIVWR,162.,L,06.7,N,03.4,M,012.4,K*63
$IIMTA,26.5,C*04
$IIMWV,198,R,06.7,N,A*12
$IIVWR,162.,L,06.7,N,03.4,M,012.4,K*63
$IIMTA,26.5,C*04
$IIMWV,198,R,06.7,N,A*12
$IIVWR,162.,L,06.7,N,03.4,M,012.4,K*63
$IIMTA,26.5,C*04
$IIMWV,198,R,06.7,N,A*12
$IIVWR,162.,L,06.7,N,03.4,M,012.4,K*63
$IIMTA,26.5,C*04
$IIMWV,198,R,06.7,N,A*12
$IIVWR,162.,L,06.7,N,03.4,M,012.4,K*63
$IIMTA,26.5,C*04
$IIMWV,198,R,06.7,N,A*12
$IIVWR,162.,L,06.7,N,03.4,M,012.4,K*63
$IIMTA,26.5,C*04
$IIMWV,198,R,06.7,N,A*12
$IIVWR,162.,L,06.7,N,03.4,M,012.4,K*63
$IIMTA,26.5,C*04
$IIMWV,198,R,06.7,N,A*12
$IIVWR,162.,L,06.7,N,03.4,M,012.4,K*63
$IIMTA,26.5,C*04
$IIMWV,198,R,06.7,N,A*12
$IIVWR,162.,L,06.7,N,03.4,M,012.4,K*63
$IIMTA,26.5,C*04
$IIMWV,198,R,06.7,N,A*12
$IIVWR,162.,L,06.7,N,03.4,M,012.4,K*63
$IIMTA,26.5,C*04
$IIMWV,198,R,06.7,N,A*12
$IIVWR,162.,L,06.7,N,03.4,M,012.4,K*63
$IIMTA,26.5,C*04
$IIMWV,198,R,06.7,N,A*12
$IIVWR,162.,L,06.7,N,03.4,M,012.4,K*63
$IIMTA,26.5,C*04
$IIMWV,198,R,06.7,N,A*12
$IIVWR,162.,L,06.7,N,03.4,M,012.4,K*63
$IIMTA,26.5,C*04
$IIMWV,198,R,06.7,N,A*12
$IIVWR,162.,L,06.7,N,03.4,M,012.4,K*63
$IIMTA,26.5,C*04
$IIMWV,198,R,06.7,N,A*12
$IIVWR,162.,L,06.7,N,03.4,M,012.4,K*63
$IIMTA,26.5,C*04
$IIMWV,198,R,06.7,N,A*12
$IIVWR,162.,L,06.7,N,03.4,M,012.4,K*63
$IIMTA,26.5,C*04
$IIMWV,198,R,06.7,N,A*12
$IIVWR,162.,L,06.7,N,03.4,M,012.4,K*63
$IIMTA,26.5,C*04
$IIMWV,198,R,06.7,N,A*12
$IIVWR,162.,L,06.7,N,03.4,M,012.4,K*63
$IIMTA,26.5,C*04
$IIMWV,198,R,06.7,N,A*12
$IIVWR,162.,L,06.7,N,03.4,M,012.4,K*63
$IIMTA,26.5,C*04
$IIMWV,198,R,06.7,N,A*12
$IIVWR,162.,L,06.7,N,03.4,M,012.4,K*63
$IIMTA,26.5,C*04
$IIMWV,198,R,06.7,N,A*12
$IIVWR,162.,L,06.7,N,03.4,M,012.4,K*63
$IIMTA,26.5,C*04
$IIMWV,198,R,06.7,N,A*12
$IIVWR,162.,L,06.7,N,03.4,M,012.4,K*63
$IIMTA,26.5,C*04
$IIMWV,198,R,06.7,N,A*12
$IIVWR,162.,L,06.7,N,03.4,M,012.4,K*63
$IIMTA,26.5,C*04
$IIMWV,198,R,06.7,N,A*12
$IIVWR,162.,L,06.7,N,03.4,M,012.4,K*63
$IIMTA,26.5,C*04
$IIMWV,198,R,06.7,N,A*12
$IIVWR,162.,L,06.7,N,03.4,M,012.4,K*63
$IIMTA,26.5,C*04
$IIMWV,198,R,06.7,N,A*12
$IIVWR,162.,L,06.7,N,03.4,M,012.4,K*63
$IIMTA,26.5,C*04
$IIMWV,198,R,06.7,N,A*12
$IIVWR,162.,L,06.7,N,03.4,M,012.4,K*63
$IIMTA,26.5,C*04
$IIMWV,198,R,06.7,N,A*12
$IIVWR,162.,L,06.7,N,03.4,M,012.4,K*63
$IIMTA,26.5,C*04
$IIMWV,198,R,06.7,N,A*12
$IIVWR,162.,L,06.7,N,03.4,M,012.4,K*63
$IIMTA,26.5,C*04
$IIMWV,199,R,06.7,N,A*13
$IIVWR,161.,L,06.7,N,03.4,M,012.4,K*60
$IIMTA,26.5,C*04
$IIMWV,199,R,06.7,N,A*13
$IIVWR,161.,L,06.7,N,03.4,M,012.4,K*60
$IIMTA,26.5,C*04
$IIMWV,199,R,06.7,N,A*13
$IIVWR,161.,L,06.7,N,03.4,M,012.4,K*60
$IIMTA,26.5,C*04
$IIMWV,199,R,06.7,N,A*13
$IIVWR,161.,L,06.7,N,03.4,M,012.4,K*60
$IIMTA,26.5,C*04
$IIMWV,199,R,06.7,N,A*13
$IIVWR,161.,L,06.7,N,03.4,M,012.4,K*60
$IIMTA,26.5,C*04
$IIMWV,199,R,06.7,N,A*13
$IIVWR,161.,L,06.7,N,03.4,M,012.4,K*60
$IIMTA,26.5,C*04
$IIMWV,199,R,06.7,N,A*13
$IIVWR,161.,L,06.7,N,03.4,M,012.4,K*60
$IIMTA,26.5,C*04
$IIMWV,199,R,06.7,N,A*13
$IIVWR,161.,L,06.7,N,03.4,M,012.4,K*60
$IIMTA,26.5,C*04
$IIMWV,199,R,06.7,N,A*13
$IIVWR,161.,L,06.7,N,03.4,M,012.4,K*60
$IIMTA,26.5,C*04
$IIMWV,199,R,06.7,N,A*13
$IIVWR,161.,L,06.7,N,03.4,M,012.4,K*60
$IIMTA,26.5,C*04
$IIMWV,199,R,06.7,N,A*13
$IIVWR,161.,L,06.7,N,03.4,M,012.4,K*60
$IIMTA,26.5,C*04
$IIMWV,199,R,06.7,N,A*13
$IIVWR,161.,L,06.7,N,03.4,M,012.4,K*60
$IIMTA,26.5,C*04
$IIMWV,199,R,06.7,N,A*13
$IIVWR,161.,L,06.7,N,03.4,M,012.4,K*60
$IIMTA,26.5,C*04
$IIMWV,199,R,06.7,N,A*13
$IIVWR,161.,L,06.7,N,03.4,M,012.4,K*60
$IIMTA,26.5,C*04
$IIMWV,199,R,06.7,N,A*13
$IIVWR,161.,L,06.7,N,03.4,M,012.4,K*60
$IIMTA,26.5,C*04
$IIMWV,199,R,06.7,N,A*13
$IIVWR,161.,L,06.7,N,03.4,M,012.4,K*60
$IIMTA,26.5,C*04
$IIMWV,199,R,06.7,N,A*13
$IIVWR,161.,L,06.7,N,03.4,M,012.4,K*60
$IIMTA,26.5,C*04
$IIMWV,199,R,06.7,N,A*13
$IIVWR,161.,L,06.7,N,03.4,M,012.4,K*60
$IIMTA,26.5,C*04
$IIMWV,199,R,06.7,N,A*13
$IIVWR,161.,L,06.7,N,03.4,M,012.4,K*60
$IIMTA,26.5,C*04
$IIMWV,199,R,06.7,N,A*13
$IIVWR,161.,L,06.7,N,03.4,M,012.4,K*60
$IIMTA,26.5,C*04
$IIMWV,199,R,06.7,N,A*13
$IIVWR,161.,L,06.7,N,03.4,M,012.4,K*60
$IIMTA,26.5,C*04
$IIMWV,199,R,06.7,N,A*13
$IIVWR,161.,L,06.7,N,03.4,M,012.4,K*60
$IIMTA,26.5,C*04
$IIMWV,199,R,06.7,N,A*13
$IIVWR,161.,L,06.7,N,03.4,M,012.4,K*60
$IIMTA,26.5,C*04
$IIMWV,199,R,06.7,N,A*13
$IIVWR,161.,L,06.7,N,03.4,M,012.4,K*60
$IIMTA,26.5,C*04
$IIMWV,199,R,06.7,N,A*13
$IIVWR,161.,L,06.7,N,03.4,M,012.4,K*60
$IIMTA,26.5,C*04
$IIMWV,199,R,06.7,N,A*13
$IIVWR,161.,L,06.7,N,03.4,M,012.4,K*60
$IIMTA,26.5,C*04
$IIMWV,199,R,06.7,N,A*13
$IIVWR,161.,L,06.7,N,03.4,M,012.4,K*60
$IIMTA,26.5,C*04
$IIMWV,199,R,06.7,N,A*13
$IIVWR,161.,L,06.7,N,03.4,M,012.4,K*60
$IIMTA,26.5,C*04
$IIMWV,199,R,06.7,N,A*13
$IIVWR,161.,L,06.7,N,03.4,M,012.4,K*60
$IIMTA,26.5,C*04
$IIMWV,199,R,06.7,N,A*13
$IIVWR,161.,L,06.7,N,03.4,M,012.4,K*60
$IIMTA,26.5,C*04
$IIMWV,199,R,06.7,N,A*13
$IIVWR,161.,L,06.7,N,03.4,M,012.4,K*60
$IIMTA,26.5,C*04
$IIMWV,199,R,06.7,N,A*13
$IIVWR,161.,L,06.7,N,03.4,M,012.4,K*60
$IIMTA,26.5,C*04
$IIMWV,199,R,06.7,N,A*13
$IIVWR,161.,L,06.7,N,03.4,M,012.4,K*60
$IIMTA,26.5,C*04
$IIMWV,199,R,06.7,N,A*13
$IIVWR,161.,L,06.7,N,03.4,M,012.4,K*60
$IIMTA,26.5,C*04
$IIMWV,199,R,06.7,N,A*13
$IIVWR,161.,L,06.7,N,03.4,M,012.4,K*60
$IIMTA,26.5,C*04
$IIMWV,199,R,06.7,N,A*13
$IIVWR,161.,L,06.7,N,03.4,M,012.4,K*60
$IIMTA,26.5,C*04
$IIMWV,199,R,06.7,N,A*13
$IIVWR,161.,L,06.7,N,03.4,M,012.4,K*60
$IIMTA,26.5,C*04
$IIMWV,199,R,06.7,N,A*13
$IIVWR,161.,L,06.7,N,03.4,M,012.4,K*60
$IIMTA,26.5,C*04
$IIMWV,199,R,06.7,N,A*13
$IIVWR,161.,L,06.7,N,03.4,M,012.4,K*60
$IIMTA,26.5,C*04
$IIMWV,199,R,06.7,N,A*13
$IIVWR,161.,L,06.7,N,03.4,M,012.4,K*60
$IIMTA,26.5,C*04
$IIMWV,199,R,06.7,N,A*13
$IIVWR,161.,L,06.7,N,03.4,M,012.4,K*60
$IIMTA,26.5,C*04
$IIMWV,202,R,06.7,N,A*12
$IIVWR,158.,L,06.7,N,03.4,M,012.4,K*6A
$IIMTA,26.5,C*04
$IIMWV,202,R,06.7,N,A*12
$IIVWR,158.,L,06.7,N,03.4,M,012.4,K*6A
$IIMTA,26.5,C*04
$IIMWV,207,R,06.7,N,A*17
$IIVWR,153.,L,06.7,N,03.4,M,012.4,K*61
$IIMTA,26.5,C*04
$IIMWV,207,R,06.7,N,A*17
$IIVWR,153.,L,06.7,N,03.4,M,012.4,K*61
$IIMTA,26.5,C*04
$IIMWV,207,R,06.7,N,A*17
$IIVWR,153.,L,06.7,N,03.4,M,012.4,K*61
$IIMTA,26.5,C*04
$IIMWV,207,R,06.7,N,A*17
$IIVWR,153.,L,06.7,N,03.4,M,012.4,K*61
$IIMTA,26.5,C*04
$IIMWV,209,R,06.7,N,A*19
$IIVWR,151.,L,06.7,N,03.4,M,012.4,K*63
$IIMTA,26.5,C*04
$IIMWV,209,R,06.7,N,A*19
$IIVWR,151.,L,06.7,N,03.4,M,012.4,K*63
$IIMTA,26.5,C*04
$IIMWV,209,R,06.7,N,A*19
$IIVWR,151.,L,06.7,N,03.4,M,012.4,K*63
$IIMTA,26.5,C*04
$IIMWV,209,R,06.7,N,A*19
$IIVWR,151.,L,06.7,N,03.4,M,012.4,K*63
$IIMTA,26.5,C*04
$IIMWV,215,R,06.7,N,A*14
$IIVWR,145.,L,06.7,N,03.4,M,012.4,K*66
$IIMTA,26.5,C*04
$IIMWV,215,R,06.7,N,A*14
$IIVWR,145.,L,06.7,N,03.4,M,012.4,K*66
$IIMTA,26.5,C*04
$IIMWV,222,R,00.0,N,A*11
$IIVWR,138.,L,00.0,N,00.0,M,000.0,K*6D
$IIMTA,26.5,C*04
$IIMWV,222,R,00.0,N,A*11
$IIVWR,138.,L,00.0,N,00.0,M,000.0,K*6D
$IIMTA,26.6,C*07
$IIMWV,222,R,00.0,N,A*11
$IIVWR,138.,L,00.0,N,00.0,M,000.0,K*6D
$IIMTA,26.6,C*07
$IIMWV,222,R,00.0,N,A*11
$IIVWR,138.,L,00.0,N,00.0,M,000.0,K*6D
$IIMTA,26.6,C*07
$IIMWV,224,R,00.0,N,A*17
$IIVWR,136.,L,00.0,N,00.0,M,000.0,K*63
$IIMTA,26.6,C*07
$IIMWV,224,R,00.0,N,A*17
$IIVWR,136.,L,00.0,N,00.0,M,000.0,K*63
$IIMTA,26.6,C*07
$IIMWV,224,R,00.0,N,A*17
$IIVWR,136.,L,00.0,N,00.0,M,000.0,K*63
$IIMTA,26.6,C*07
$IIMWV,224,R,00.0,N,A*17
$IIVWR,136.,L,00.0,N,00.0,M,000.0,K*63
$IIMTA,26.5,C*04
$IIMWV,234,R,00.0,N,A*16
$IIVWR,126.,L,00.0,N,00.0,M,000.0,K*62
$IIMTA,26.5,C*04
$IIMWV,234,R,00.0,N,A*16
$IIVWR,126.,L,00.0,N,00.0,M,000.0,K*62
$IIMTA,26.5,C*04
$IIMWV,234,R,00.0,N,A*16
$IIVWR,126.,L,00.0,N,00.0,M,000.0,K*62
$IIMTA,26.5,C*04
$IIMWV,234,R,00.0,N,A*16
$IIVWR,126.,L,00.0,N,00.0,M,000.0,K*62
$IIMTA,26.6,C*07
$IIMWV,234,R,00.0,N,A*16
$IIVWR,126.,L,00.0,N,00.0,M,000.0,K*62
$IIMTA,26.6,C*07
$IIMWV,234,R,00.0,N,A*16
$IIVWR,126.,L,00.0,N,00.0,M,000.0,K*62
$IIMTA,26.6,C*07
$IIMWV,234,R,00.0,N,A*16
$IIVWR,126.,L,00.0,N,00.0,M,000.0,K*62
$IIMTA,26.6,C*07
$IIMWV,224,R,00.0,N,A*17
$IIVWR,136.,L,00.0,N,00.0,M,000.0,K*63
$IIMTA,26.6,C*07
$IIMWV,224,R,00.0,N,A*17
$IIVWR,136.,L,00.0,N,00.0,M,000.0,K*63
$IIMTA,26.6,C*07
$IIMWV,224,R,00.0,N,A*17
$IIVWR,136.,L,00.0,N,00.0,M,000.0,K*63
$IIMTA,26.6,C*07
$IIMWV,224,R,00.0,N,A*17
$IIVWR,136.,L,00.0,N,00.0,M,000.0,K*63
$IIMTA,26.6,C*07
$IIMWV,219,R,00.0,N,A*19
$IIVWR,141.,L,00.0,N,00.0,M,000.0,K*63
$IIMTA,26.6,C*07
$IIMWV,219,R,00.0,N,A*19
$IIVWR,141.,L,00.0,N,00.0,M,000.0,K*63
$IIMTA,26.6,C*07
$IIMWV,219,R,00.0,N,A*19
$IIVWR,141.,L,00.0,N,00.0,M,000.0,K*63
$IIMTA,26.6,C*07
$IIMWV,218,R,00.0,N,A*18
$IIVWR,142.,L,00.0,N,00.0,M,000.0,K*60
$IIMTA,26.6,C*07
$IIMWV,218,R,00.0,N,A*18
$IIVWR,142.,L,00.0,N,00.0,M,000.0,K*60
$IIMTA,26.6,C*07
$IIMWV,218,R,00.0,N,A*18
$IIVWR,142.,L,00.0,N,00.0,M,000.0,K*60
$IIMTA,26.6,C*07
$IIMWV,222,R,00.0,N,A*11
$IIVWR,138.,L,00.0,N,00.0,M,000.0,K*6D
$IIMTA,26.6,C*07
$IIMWV,222,R,00.0,N,A*11
$IIVWR,138.,L,00.0,N,00.0,M,000.0,K*6D
$IIMTA,26.6,C*07
$IIMWV,222,R,00.0,N,A*11
$IIVWR,138.,L,00.0,N,00.0,M,000.0,K*6D
$IIMTA,26.6,C*07
$IIMWV,222,R,00.0,N,A*11
$IIVWR,138.,L,00.0,N,00.0,M,000.0,K*6D
$IIMTA,26.6,C*07
$IIMWV,220,R,00.0,N,A*13
$IIVWR,140.,L,00.0,N,00.0,M,000.0,K*62
$IIMTA,26.6,C*07
$IIMWV,220,R,00.0,N,A*13
$IIVWR,140.,L,00.0,N,00.0,M,000.0,K*62
$IIMTA,26.6,C*07
$IIMWV,220,R,00.0,N,A*13
$IIVWR,140.,L,00.0,N,00.0,M,000.0,K*62
$IIMTA,26.6,C*07
$IIMWV,220,R,00.0,N,A*13
$IIVWR,140.,L,00.0,N,00.0,M,000.0,K*62
$IIMTA,26.6,C*07
$IIMWV,217,R,00.0,N,A*17
$IIVWR,143.,L,00.0,N,00.0,M,000.0,K*61
$IIMTA,26.6,C*07
$IIMWV,217,R,00.0,N,A*17
$IIVWR,143.,L,00.0,N,00.0,M,000.0,K*61
$IIMTA,26.6,C*07
$IIMWV,215,R,00.0,N,A*15
$IIVWR,145.,L,00.0,N,00.0,M,000.0,K*67
$IIMTA,26.6,C*07
$IIMWV,215,R,00.0,N,A*15
$IIVWR,145.,L,00.0,N,00.0,M,000.0,K*67
$IIMTA,26.6,C*07
$IIMWV,215,R,00.0,N,A*15
$IIVWR,145.,L,00.0,N,00.0,M,000.0,K*67
$IIMTA,26.6,C*07
$IIMWV,215,R,00.0,N,A*15
$IIVWR,145.,L,00.0,N,00.0,M,000.0,K*67
$IIMTA,26.6,C*07
$IIMWV,213,R,00.0,N,A*13
$IIVWR,147.,L,00.0,N,00.0,M,000.0,K*65
$IIMTA,26.6,C*07
$IIMWV,213,R,00.0,N,A*13
$IIVWR,147.,L,00.0,N,00.0,M,000.0,K*65
$IIMTA,26.6,C*07
$IIMWV,213,R,00.0,N,A*13
$IIVWR,147.,L,00.0,N,00.0,M,000.0,K*65
$IIMTA,26.6,C*07
$IIMWV,211,R,00.0,N,A*11
$IIVWR,149.,L,00.0,N,00.0,M,000.0,K*6B
$IIMTA,26.6,C*07
$IIMWV,211,R,00.0,N,A*11
$IIVWR,149.,L,00.0,N,00.0,M,000.0,K*6B
$IIMTA,26.6,C*07
$IIMWV,211,R,00.0,N,A*11
$IIVWR,149.,L,00.0,N,00.0,M,000.0,K*6B
$IIMTA,26.6,C*07
$IIMWV,211,R,00.0,N,A*11
$IIVWR,149.,L,00.0,N,00.0,M,000.0,K*6B
$IIMTA,26.6,C*07
$IIMWV,209,R,00.0,N,A*18
$IIVWR,151.,L,00.0,N,00.0,M,000.0,K*62
$IIMTA,26.6,C*07
$IIMWV,209,R,00.0,N,A*18
$IIVWR,151.,L,00.0,N,00.0,M,000.0,K*62
$IIMTA,26.6,C*0
-----------------------------------------------
Date: 09/03/2016 - 19:32:22
End log file
